-8.136117e-02 
-8.048311e-02 
-7.805012e-02 
-7.474022e-02 
-7.116505e-02 
-6.785029e-02 
-6.513559e-02 
-6.305655e-02 
-6.118464e-02 
-5.915688e-02 
-5.704662e-02 
-5.506276e-02 
-5.318214e-02 
-1.049060e-01 
-1.042233e-01 
-1.023038e-01 
-9.947181e-02 
-9.610209e-02 
-9.254664e-02 
-8.910106e-02 
-8.601061e-02 
-8.340942e-02 
-8.128921e-02 
-7.943969e-02 
-7.755212e-02 
-7.551834e-02 
-1.260947e-01 
-1.255513e-01 
-1.239848e-01 
-1.215753e-01 
-1.185622e-01 
-1.151862e-01 
-1.116654e-01 
-1.081916e-01 
-1.049299e-01 
-1.020019e-01 
-9.947618e-02 
-9.734951e-02 
-9.546446e-02 
-5.450481e-02 
-5.389567e-02 
-5.228440e-02 
-5.008475e-02 
-4.770530e-02 
-4.549115e-02 
-4.368610e-02 
-4.229188e-02 
-4.104555e-02 
-3.966499e-02 
-3.825430e-02 
-3.690611e-02 
-3.564106e-02 
-7.045445e-02 
-6.999879e-02 
-6.872688e-02 
-6.684760e-02 
-6.460636e-02 
-6.224005e-02 
-5.994281e-02 
-5.787666e-02 
-5.613924e-02 
-5.471685e-02 
-5.346366e-02 
-5.219844e-02 
-5.082731e-02 
-8.496741e-02 
-8.460786e-02 
-8.357225e-02 
-8.197682e-02 
-7.997558e-02 
-7.772988e-02 
-7.538546e-02 
-7.307003e-02 
-7.089142e-02 
-6.893543e-02 
-6.719606e-02 
-6.576213e-02 
-6.454200e-02 
-2.747693e-02 
-2.720971e-02 
-2.640624e-02 
-2.530931e-02 
-2.412124e-02 
-2.301841e-02 
-2.212258e-02 
-2.143516e-02 
-1.945718e-02 
-2.011030e-02 
-1.939462e-02 
-1.871848e-02 
-1.808208e-02 
-3.577177e-02 
-3.555923e-02 
-3.493134e-02 
-3.399048e-02 
-3.287392e-02 
-3.168141e-02 
-3.053503e-02 
-2.949994e-02 
-2.863450e-02 
-2.792789e-02 
-2.730386e-02 
-2.666527e-02 
-2.596976e-02 
-4.349526e-02 
-4.331963e-02 
-4.280529e-02 
-4.200300e-02 
-4.100672e-02 
-3.988103e-02 
-3.870531e-02 
-3.754409e-02 
-3.645471e-02 
-3.547492e-02 
-3.463352e-02 
-3.391971e-02 
-3.328189e-02 
-3.867070e-04 
-4.684250e-04 
-4.627590e-04 
-4.553410e-04 
-4.475760e-04 
-4.419390e-04 
-4.425590e-04 
-4.462580e-04 
-4.393700e-04 
-4.221980e-04 
-4.031430e-04 
-3.870040e-04 
-3.778220e-04 
-1.021390e-03 
-1.032315e-03 
-1.026014e-03 
-1.005400e-03 
-9.792140e-04 
-9.516480e-04 
-9.256990e-04 
-9.039370e-04 
-8.871400e-04 
-8.752710e-04 
-8.618880e-04 
-8.409060e-04 
-8.200090e-04 
-1.966569e-03 
-1.956831e-03 
-1.936148e-03 
-1.905350e-03 
-1.865464e-03 
-1.819731e-03 
-1.771670e-03 
-1.724372e-03 
-1.680633e-03 
-1.666736e-03 
-1.609441e-03 
-1.387304e-03 
-1.573489e-03 
-9.887718e-02 
-9.671391e-02 
-9.142794e-02 
-8.519362e-02 
-7.913602e-02 
-7.385019e-02 
-6.964817e-02 
-6.662448e-02 
-6.449817e-02 
-6.273326e-02 
-6.101551e-02 
-5.925415e-02 
-5.747442e-02 
-1.282275e-01 
-1.265547e-01 
-1.221400e-01 
-1.163140e-01 
-1.100812e-01 
-1.040269e-01 
-9.846765e-02 
-9.362393e-02 
-8.964571e-02 
-8.655805e-02 
-8.423234e-02 
-8.237192e-02 
-8.067728e-02 
-1.549054e-01 
-1.535733e-01 
-1.498763e-01 
-1.446385e-01 
-1.386657e-01 
-1.324879e-01 
-1.264645e-01 
-1.208044e-01 
-1.156583e-01 
-1.111361e-01 
-1.073139e-01 
-1.042184e-01 
-1.017625e-01 
-7.194088e-02 
-7.009916e-02 
-6.562273e-02 
-6.049503e-02 
-5.563938e-02 
-5.146320e-02 
-4.816471e-02 
-4.582478e-02 
-4.430176e-02 
-4.318080e-02 
-4.214506e-02 
-4.102636e-02 
-3.982549e-02 
-9.358839e-02 
-9.219792e-02 
-8.846199e-02 
-8.362065e-02 
-7.852337e-02 
-7.364742e-02 
-6.923646e-02 
-6.542180e-02 
-6.229436e-02 
-5.988566e-02 
-5.814923e-02 
-5.689146e-02 
-5.581394e-02 
-1.134286e-01 
-1.123271e-01 
-1.092324e-01 
-1.048842e-01 
-9.996361e-02 
-9.493686e-02 
-9.008917e-02 
-8.558098e-02 
-8.153611e-02 
-7.794417e-02 
-7.493541e-02 
-7.252424e-02 
-7.076814e-02 
-4.474027e-02 
-4.332439e-02 
-3.968278e-02 
-3.566884e-02 
-3.202038e-02 
-2.895405e-02 
-2.656411e-02 
-2.493016e-02 
-2.402483e-02 
-2.358285e-02 
-2.323098e-02 
-2.276432e-02 
-2.218214e-02 
-5.876215e-02 
-5.762713e-02 
-5.458181e-02 
-5.070668e-02 
-4.673805e-02 
-4.304893e-02 
-3.978162e-02 
-3.699118e-02 
-3.473133e-02 
-3.303626e-02 
-3.191422e-02 
-3.126124e-02 
-3.086162e-02 
-7.168673e-02 
-7.075834e-02 
-6.827707e-02 
-6.479652e-02 
-6.090440e-02 
-5.701766e-02 
-5.334170e-02 
-4.997872e-02 
-4.699134e-02 
-4.439551e-02 
-4.222975e-02 
-4.052568e-02 
-3.926595e-02 
-1.760766e-02 
-1.653920e-02 
-1.371415e-02 
-1.080902e-02 
-8.329301e-03 
-6.357698e-03 
-4.870915e-03 
-3.925090e-03 
-3.643367e-03 
-3.877894e-03 
-4.220860e-03 
-4.410032e-03 
-4.449416e-03 
-2.384772e-02 
-2.292993e-02 
-2.056754e-02 
-1.766262e-02 
-1.480257e-02 
-1.227903e-02 
-1.013284e-02 
-8.351699e-03 
-6.946278e-03 
-5.954139e-03 
-5.449917e-03 
-5.417620e-03 
-5.661769e-03 
-2.989467e-02 
-2.919809e-02 
-2.727450e-02 
-2.459347e-02 
-2.168106e-02 
-1.888161e-02 
-1.634499e-02 
-1.410360e-02 
-1.215770e-02 
-1.050522e-02 
-9.154968e-03 
-8.136465e-03 
-7.504801e-03 
-1.161689e-01 
-1.128152e-01 
-1.046738e-01 
-9.556236e-02 
-8.708382e-02 
-7.987521e-02 
-7.419489e-02 
-7.023583e-02 
-6.787187e-02 
-6.637000e-02 
-6.506190e-02 
-6.355864e-02 
-6.184846e-02 
-1.511262e-01 
-1.485612e-01 
-1.417315e-01 
-1.330105e-01 
-1.239825e-01 
-1.154755e-01 
-1.078461e-01 
-1.012908e-01 
-9.596191e-02 
-9.192948e-02 
-8.914388e-02 
-8.731010e-02 
-8.596516e-02 
-1.828161e-01 
-1.808143e-01 
-1.751684e-01 
-1.672706e-01 
-1.584692e-01 
-1.496118e-01 
-1.411625e-01 
-1.333914e-01 
-1.264222e-01 
-1.203616e-01 
-1.152877e-01 
-1.112537e-01 
-1.082507e-01 
-8.909686e-02 
-8.613968e-02 
-7.884348e-02 
-7.084766e-02 
-6.354426e-02 
-5.743518e-02 
-5.267541e-02 
-4.939387e-02 
-4.759813e-02 
-4.675007e-02 
-4.608487e-02 
-4.517949e-02 
-4.404367e-02 
-1.162514e-01 
-1.140286e-01 
-1.079795e-01 
-1.002757e-01 
-9.239467e-02 
-8.505782e-02 
-7.856899e-02 
-7.302106e-02 
-6.851695e-02 
-6.515891e-02 
-6.293289e-02 
-6.166538e-02 
-6.092794e-02 
-1.410248e-01 
-1.392541e-01 
-1.343478e-01 
-1.274415e-01 
-1.197533e-01 
-1.120594e-01 
-1.047833e-01 
-9.813922e-02 
-9.221537e-02 
-8.708816e-02 
-8.280249e-02 
-7.942097e-02 
-7.685973e-02 
-6.193630e-02 
-5.934074e-02 
-5.293883e-02 
-4.606216e-02 
-3.993604e-02 
-3.492321e-02 
-3.104265e-02 
-2.846477e-02 
-2.729655e-02 
-2.709024e-02 
-2.711544e-02 
-2.685955e-02 
-2.633205e-02 
-8.125054e-02 
-7.930022e-02 
-7.401129e-02 
-6.733058e-02 
-6.059638e-02 
-5.444372e-02 
-4.907698e-02 
-4.454788e-02 
-4.089685e-02 
-3.825004e-02 
-3.664030e-02 
-3.596750e-02 
-3.587598e-02 
-9.900942e-02 
-9.747114e-02 
-9.327139e-02 
-8.730022e-02 
-8.067467e-02 
-7.412089e-02 
-6.801142e-02 
-6.251257e-02 
-5.769037e-02 
-5.348946e-02 
-5.001311e-02 
-4.733819e-02 
-4.547874e-02 
-3.464300e-02 
-3.247070e-02 
-2.691071e-02 
-2.113785e-02 
-1.622939e-02 
-1.230855e-02 
-9.327142e-03 
-7.446258e-03 
-6.897357e-03 
-7.381366e-03 
-8.083409e-03 
-8.481451e-03 
-8.563548e-03 
-4.621413e-02 
-4.440198e-02 
-3.993508e-02 
-3.428040e-02 
-2.864652e-02 
-2.365232e-02 
-1.941234e-02 
-1.589647e-02 
-1.310824e-02 
-1.114169e-02 
-1.014315e-02 
-1.009124e-02 
-1.066088e-02 
-5.690084e-02 
-5.564910e-02 
-5.209712e-02 
-4.700236e-02 
-4.140518e-02 
-3.595120e-02 
-3.098902e-02 
-2.660068e-02 
-2.278500e-02 
-1.954576e-02 
-1.690513e-02 
-1.490938e-02 
-1.366734e-02 
-1.332545e-01 
-1.287594e-01 
-1.178839e-01 
-1.059489e-01 
-9.504770e-02 
-8.589625e-02 
-7.875679e-02 
-7.389844e-02 
-7.126481e-02 
-7.005799e-02 
-6.913140e-02 
-6.787347e-02 
-6.625269e-02 
-1.734489e-01 
-1.700426e-01 
-1.610060e-01 
-1.495032e-01 
-1.377560e-01 
-1.268466e-01 
-1.171956e-01 
-1.089681e-01 
-1.023211e-01 
-9.738206e-02 
-9.415184e-02 
-9.234303e-02 
-9.135737e-02 
-2.096522e-01 
-2.070333e-01 
-1.996848e-01 
-1.893807e-01 
-1.779402e-01 
-1.665222e-01 
-1.557832e-01 
-1.459704e-01 
-1.372531e-01 
-1.296904e-01 
-1.234203e-01 
-1.184892e-01 
-1.149475e-01 
-1.059917e-01 
-1.020166e-01 
-9.201263e-02 
-8.113813e-02 
-7.149279e-02 
-6.343056e-02 
-5.718737e-02 
-5.304181e-02 
-5.093722e-02 
-5.034012e-02 
-5.006480e-02 
-4.939316e-02 
-4.831319e-02 
-1.383409e-01 
-1.354029e-01 
-1.271437e-01 
-1.167332e-01 
-1.061602e-01 
-9.643098e-02 
-8.789511e-02 
-8.065984e-02 
-7.481962e-02 
-7.050357e-02 
-6.781877e-02 
-6.656027e-02 
-6.612331e-02 
-1.674273e-01 
-1.650747e-01 
-1.586411e-01 
-1.494919e-01 
-1.392320e-01 
-1.289961e-01 
-1.193914e-01 
-1.106913e-01 
-1.029799e-01 
-9.632513e-02 
-9.078270e-02 
-8.647608e-02 
-8.346808e-02 
-7.874178e-02 
-7.514769e-02 
-6.606369e-02 
-5.638671e-02 
-4.787596e-02 
-4.087580e-02 
-3.555858e-02 
-3.205371e-02 
-3.060264e-02 
-3.067467e-02 
-3.103832e-02 
-3.100200e-02 
-3.051544e-02 
-1.031326e-01 
-1.003158e-01 
-9.310151e-02 
-8.384033e-02 
-7.436368e-02 
-6.582076e-02 
-5.839710e-02 
-5.216401e-02 
-4.715882e-02 
-4.354536e-02 
-4.145725e-02 
-4.078163e-02 
-4.097695e-02 
-1.250618e-01 
-1.231162e-01 
-1.174832e-01 
-1.093252e-01 
-1.001507e-01 
-9.109991e-02 
-8.264095e-02 
-7.506931e-02 
-6.840390e-02 
-6.266337e-02 
-5.794067e-02 
-5.430681e-02 
-5.185265e-02 
-5.150434e-02 
-4.827077e-02 
-4.012100e-02 
-3.153297e-02 
-2.416194e-02 
-1.829675e-02 
-1.384149e-02 
-1.101284e-02 
-1.020272e-02 
-1.092559e-02 
-1.199883e-02 
-1.260567e-02 
-1.272624e-02 
-6.795923e-02 
-6.545156e-02 
-5.907892e-02 
-5.076224e-02 
-4.245583e-02 
-3.505219e-02 
-2.873183e-02 
-2.350608e-02 
-1.934261e-02 
-1.641377e-02 
-1.493780e-02 
-1.488323e-02 
-1.571200e-02 
-8.267550e-02 
-8.103270e-02 
-7.620966e-02 
-6.904624e-02 
-6.096794e-02 
-5.298938e-02 
-4.566293e-02 
-3.916674e-02 
-3.353596e-02 
-2.875795e-02 
-2.479793e-02 
-2.186484e-02 
-2.002076e-02 
