-6.982588e-02 
-6.898393e-02 
-6.665189e-02 
-6.349566e-02 
-6.011412e-02 
-5.702223e-02 
-5.455115e-02 
-5.272997e-02 
-5.112503e-02 
-4.936952e-02 
-4.753378e-02 
-4.582443e-02 
-4.421655e-02 
-8.191776e-02 
-8.128210e-02 
-7.950097e-02 
-7.688702e-02 
-7.380158e-02 
-7.058431e-02 
-6.751920e-02 
-6.484267e-02 
-6.268111e-02 
-6.101982e-02 
-5.964327e-02 
-5.823833e-02 
-5.669321e-02 
-8.826168e-02 
-8.777680e-02 
-8.638395e-02 
-8.425294e-02 
-8.161081e-02 
-7.868605e-02 
-7.568142e-02 
-7.277956e-02 
-7.013573e-02 
-6.786334e-02 
-6.602354e-02 
-6.460670e-02 
-6.344997e-02 
-4.672970e-02 
-4.614416e-02 
-4.460048e-02 
-4.250388e-02 
-4.025433e-02 
-3.818963e-02 
-3.654796e-02 
-3.532660e-02 
-3.425921e-02 
-3.306107e-02 
-3.183426e-02 
-3.066986e-02 
-2.958736e-02 
-5.484620e-02 
-5.442265e-02 
-5.324389e-02 
-5.151140e-02 
-4.946154e-02 
-4.732277e-02 
-4.528176e-02 
-4.349428e-02 
-4.205274e-02 
-4.093451e-02 
-4.000403e-02 
-3.906324e-02 
-3.802049e-02 
-5.908701e-02 
-5.876724e-02 
-5.784892e-02 
-5.644178e-02 
-5.469118e-02 
-5.274962e-02 
-5.075437e-02 
-4.882573e-02 
-4.706489e-02 
-4.555190e-02 
-4.427577e-02 
-4.332108e-02 
-4.259243e-02 
-2.353020e-02 
-2.327522e-02 
-2.250584e-02 
-2.146094e-02 
-2.033844e-02 
-1.931106e-02 
-1.849766e-02 
-1.789742e-02 
-1.600967e-02 
-1.675473e-02 
-1.613166e-02 
-1.554807e-02 
-1.500349e-02 
-2.776652e-02 
-2.757037e-02 
-2.698980e-02 
-2.612358e-02 
-2.510433e-02 
-2.402747e-02 
-2.301127e-02 
-2.211771e-02 
-2.140249e-02 
-2.085257e-02 
-2.038985e-02 
-1.991571e-02 
-1.938653e-02 
-3.006310e-02 
-2.990957e-02 
-2.945754e-02 
-2.875541e-02 
-2.788068e-02 
-2.691020e-02 
-2.591346e-02 
-2.494971e-02 
-2.407414e-02 
-2.332093e-02 
-2.271633e-02 
-2.224731e-02 
-2.186032e-02 
-3.219220e-04 
-4.038360e-04 
-3.987260e-04 
-3.921520e-04 
-3.854510e-04 
-3.810410e-04 
-3.829940e-04 
-3.881070e-04 
-3.826840e-04 
-3.670020e-04 
-3.494190e-04 
-3.347990e-04 
-3.271080e-04 
-7.855340e-04 
-7.969210e-04 
-7.919800e-04 
-7.735060e-04 
-7.501200e-04 
-7.258760e-04 
-7.036620e-04 
-6.859590e-04 
-6.727650e-04 
-6.655040e-04 
-6.573110e-04 
-6.406540e-04 
-6.248810e-04 
-1.343765e-03 
-1.334951e-03 
-1.316869e-03 
-1.290578e-03 
-1.256399e-03 
-1.217625e-03 
-1.177554e-03 
-1.139097e-03 
-1.104895e-03 
-1.101094e-03 
-1.054343e-03 
-8.430950e-04 
-1.040433e-03 
-8.685392e-02 
-8.475073e-02 
-7.961963e-02 
-7.359508e-02 
-6.778038e-02 
-6.275865e-02 
-5.883431e-02 
-5.609653e-02 
-5.426043e-02 
-5.278705e-02 
-5.135990e-02 
-4.988658e-02 
-4.839104e-02 
-1.040010e-01 
-1.024106e-01 
-9.821959e-02 
-9.271337e-02 
-8.686461e-02 
-8.123860e-02 
-7.614026e-02 
-7.178079e-02 
-6.830343e-02 
-6.572809e-02 
-6.392198e-02 
-6.258498e-02 
-6.141490e-02 
-1.145759e-01 
-1.133464e-01 
-1.099383e-01 
-1.051296e-01 
-9.968590e-02 
-9.411274e-02 
-8.874974e-02 
-8.379334e-02 
-7.938407e-02 
-7.562534e-02 
-7.258615e-02 
-7.028814e-02 
-6.863972e-02 
-6.370078e-02 
-6.190825e-02 
-5.755323e-02 
-5.258461e-02 
-4.790792e-02 
-4.392217e-02 
-4.082078e-02 
-3.868140e-02 
-3.736014e-02 
-3.644044e-02 
-3.560422e-02 
-3.468238e-02 
-3.367502e-02 
-7.681577e-02 
-7.549301e-02 
-7.193657e-02 
-6.734090e-02 
-6.253429e-02 
-5.797621e-02 
-5.390106e-02 
-5.043439e-02 
-4.766302e-02 
-4.561532e-02 
-4.424238e-02 
-4.334863e-02 
-4.263405e-02 
-8.520180e-02 
-8.418438e-02 
-8.132315e-02 
-7.730653e-02 
-7.279413e-02 
-6.822643e-02 
-6.387098e-02 
-5.987977e-02 
-5.637024e-02 
-5.332700e-02 
-5.087635e-02 
-4.902957e-02 
-4.784152e-02 
-4.034592e-02 
-3.896757e-02 
-3.541398e-02 
-3.150816e-02 
-2.797438e-02 
-2.502437e-02 
-2.275038e-02 
-2.123107e-02 
-2.043849e-02 
-2.010699e-02 
-1.986317e-02 
-1.950168e-02 
-1.902199e-02 
-4.964008e-02 
-4.855583e-02 
-4.564240e-02 
-4.194387e-02 
-3.817215e-02 
-3.468915e-02 
-3.163148e-02 
-2.905159e-02 
-2.700161e-02 
-2.551481e-02 
-2.459876e-02 
-2.414899e-02 
-2.394942e-02 
-5.599824e-02 
-5.513275e-02 
-5.282374e-02 
-4.958893e-02 
-4.598437e-02 
-4.240777e-02 
-3.905523e-02 
-3.602000e-02 
-3.336317e-02 
-3.109850e-02 
-2.926312e-02 
-2.788751e-02 
-2.694576e-02 
-1.710391e-02 
-1.606092e-02 
-1.329066e-02 
-1.044284e-02 
-8.013467e-03 
-6.084000e-03 
-4.632050e-03 
-3.714995e-03 
-3.457132e-03 
-3.711549e-03 
-4.071208e-03 
-4.274474e-03 
-4.325837e-03 
-2.251882e-02 
-2.163625e-02 
-1.936054e-02 
-1.656074e-02 
-1.380417e-02 
-1.137474e-02 
-9.312090e-03 
-7.604085e-03 
-6.262493e-03 
-5.326169e-03 
-4.870859e-03 
-4.881603e-03 
-5.163777e-03 
-2.705052e-02 
-2.639773e-02 
-2.459048e-02 
-2.206547e-02 
-1.932080e-02 
-1.668510e-02 
-1.430143e-02 
-1.220009e-02 
-1.038124e-02 
-8.843693e-03 
-7.597373e-03 
-6.672966e-03 
-6.126704e-03 
-1.036697e-01 
-1.004017e-01 
-9.246881e-02 
-8.362308e-02 
-7.543657e-02 
-6.853310e-02 
-6.316431e-02 
-5.951901e-02 
-5.746823e-02 
-5.627689e-02 
-5.527525e-02 
-5.407328e-02 
-5.265846e-02 
-1.257058e-01 
-1.232582e-01 
-1.167360e-01 
-1.084358e-01 
-9.989099e-02 
-9.190290e-02 
-8.481427e-02 
-7.881254e-02 
-7.404493e-02 
-7.057737e-02 
-6.835709e-02 
-6.708672e-02 
-6.630133e-02 
-1.401118e-01 
-1.382552e-01 
-1.330086e-01 
-1.256864e-01 
-1.175721e-01 
-1.094719e-01 
-1.018254e-01 
-9.488818e-02 
-8.877390e-02 
-8.358253e-02 
-7.938672e-02 
-7.623572e-02 
-7.411724e-02 
-8.040236e-02 
-7.751969e-02 
-7.039843e-02 
-6.261750e-02 
-5.554201e-02 
-4.966417e-02 
-4.513502e-02 
-4.208153e-02 
-4.051013e-02 
-3.988195e-02 
-3.943171e-02 
-3.873604e-02 
-3.780450e-02 
-9.834929e-02 
-9.622706e-02 
-9.043880e-02 
-8.308377e-02 
-7.559221e-02 
-6.866242e-02 
-6.258805e-02 
-5.745768e-02 
-5.336923e-02 
-5.042391e-02 
-4.860590e-02 
-4.774132e-02 
-4.740075e-02 
-1.105254e-01 
-1.088789e-01 
-1.043121e-01 
-9.788964e-02 
-9.076558e-02 
-8.368047e-02 
-7.703865e-02 
-7.104091e-02 
-6.576896e-02 
-6.129499e-02 
-5.766109e-02 
-5.492786e-02 
-5.300991e-02 
-5.710093e-02 
-5.456797e-02 
-4.830769e-02 
-4.159509e-02 
-3.563260e-02 
-3.077677e-02 
-2.704554e-02 
-2.460958e-02 
-2.357648e-02 
-2.349904e-02 
-2.364738e-02 
-2.350938e-02 
-2.309488e-02 
-7.103485e-02 
-6.916935e-02 
-6.409572e-02 
-5.769247e-02 
-5.125437e-02 
-4.539756e-02 
-4.031933e-02 
-3.606916e-02 
-3.268713e-02 
-3.029961e-02 
-2.893996e-02 
-2.850859e-02 
-2.865034e-02 
-8.111205e-02 
-7.967786e-02 
-7.576017e-02 
-7.018129e-02 
-6.400071e-02 
-5.791012e-02 
-5.226480e-02 
-4.722310e-02 
-4.284760e-02 
-3.908168e-02 
-3.602833e-02 
-3.376458e-02 
-3.230482e-02 
-3.370243e-02 
-3.158059e-02 
-2.612940e-02 
-2.047015e-02 
-1.566117e-02 
-1.182327e-02 
-8.910039e-03 
-7.085166e-03 
-6.582414e-03 
-7.104644e-03 
-7.838498e-03 
-8.263186e-03 
-8.367711e-03 
-4.380026e-02 
-4.205737e-02 
-3.776138e-02 
-3.231413e-02 
-2.688400e-02 
-2.207469e-02 
-1.799746e-02 
-1.462322e-02 
-1.195788e-02 
-1.009801e-02 
-9.192303e-03 
-9.221446e-03 
-9.862108e-03 
-5.185553e-02 
-5.068899e-02 
-4.736420e-02 
-4.257500e-02 
-3.730609e-02 
-3.217145e-02 
-2.750608e-02 
-2.338781e-02 
-1.981555e-02 
-1.679491e-02 
-1.435047e-02 
-1.253097e-02 
-1.144757e-02 
-1.202938e-01 
-1.159097e-01 
-1.052959e-01 
-9.368216e-02 
-8.312178e-02 
-7.431625e-02 
-6.752186e-02 
-6.300481e-02 
-6.070699e-02 
-5.982943e-02 
-5.922483e-02 
-5.828113e-02 
-5.696657e-02 
-1.468824e-01 
-1.436272e-01 
-1.349802e-01 
-1.239977e-01 
-1.128315e-01 
-1.025302e-01 
-9.349838e-02 
-8.589315e-02 
-7.986697e-02 
-7.554451e-02 
-7.292452e-02 
-7.171821e-02 
-7.132626e-02 
-1.646510e-01 
-1.622175e-01 
-1.553752e-01 
-1.457897e-01 
-1.351901e-01 
-1.246793e-01 
-1.148834e-01 
-1.060325e-01 
-9.828606e-02 
-9.169670e-02 
-8.639824e-02 
-8.243407e-02 
-7.985231e-02 
-9.685331e-02 
-9.297764e-02 
-8.320162e-02 
-7.259748e-02 
-6.322870e-02 
-5.543823e-02 
-4.945893e-02 
-4.556866e-02 
-4.371072e-02 
-4.335190e-02 
-4.330676e-02 
-4.285747e-02 
-4.199231e-02 
-1.193416e-01 
-1.165378e-01 
-1.086211e-01 
-9.865863e-02 
-8.857271e-02 
-7.933973e-02 
-7.129682e-02 
-6.454622e-02 
-5.918040e-02 
-5.532775e-02 
-5.309517e-02 
-5.227773e-02 
-5.227083e-02 
-1.347392e-01 
-1.325500e-01 
-1.265612e-01 
-1.180367e-01 
-1.084951e-01 
-9.901837e-02 
-9.018671e-02 
-8.225955e-02 
-7.531404e-02 
-6.941471e-02 
-6.461552e-02 
-6.103902e-02 
-5.874754e-02 
-7.347149e-02 
-6.996465e-02 
-6.107546e-02 
-5.161817e-02 
-4.331968e-02 
-3.651695e-02 
-3.138219e-02 
-2.804630e-02 
-2.675250e-02 
-2.697161e-02 
-2.747345e-02 
-2.756749e-02 
-2.720434e-02 
-9.184448e-02 
-8.914539e-02 
-8.222816e-02 
-7.334414e-02 
-6.426158e-02 
-5.610341e-02 
-4.904624e-02 
-4.315969e-02 
-3.848181e-02 
-3.517797e-02 
-3.338342e-02 
-3.298687e-02 
-3.344814e-02 
-1.050120e-01 
-1.032098e-01 
-9.796406e-02 
-9.034152e-02 
-8.176619e-02 
-7.332904e-02 
-6.547395e-02 
-5.848620e-02 
-5.238124e-02 
-4.717729e-02 
-4.296820e-02 
-3.982629e-02 
-3.784396e-02 
-5.012857e-02 
-4.697008e-02 
-3.898264e-02 
-3.056421e-02 
-2.334154e-02 
-1.759978e-02 
-1.324584e-02 
-1.050026e-02 
-9.758435e-03 
-1.053773e-02 
-1.165785e-02 
-1.230382e-02 
-1.245726e-02 
-6.446814e-02 
-6.206277e-02 
-5.594367e-02 
-4.793549e-02 
-3.993204e-02 
-3.280310e-02 
-2.672368e-02 
-2.170731e-02 
-1.772507e-02 
-1.495319e-02 
-1.361343e-02 
-1.367748e-02 
-1.460991e-02 
-7.544905e-02 
-7.393088e-02 
-6.944194e-02 
-6.273007e-02 
-5.513774e-02 
-4.763166e-02 
-4.074354e-02 
-3.464524e-02 
-2.937216e-02 
-2.491449e-02 
-2.124114e-02 
-1.856483e-02 
-1.695119e-02 
