1.592019e-01 
1.603653e-01 
1.562281e-01 
1.498239e-01 
1.379613e-01 
1.129102e-01 
6.546231e-02 
-4.067905e-02 
-2.560891e-01 
-4.949985e-01 
-6.520592e-01 
-7.462387e-01 
-7.876107e-01 
2.125830e-01 
2.124632e-01 
2.108216e-01 
2.068516e-01 
1.994887e-01 
1.876201e-01 
1.679280e-01 
1.373102e-01 
8.516103e-02 
-1.051049e-02 
-1.863253e-01 
-4.325838e-01 
-6.613066e-01 
2.626920e-01 
2.622909e-01 
2.609632e-01 
2.580845e-01 
2.530208e-01 
2.442296e-01 
2.334938e-01 
2.176272e-01 
1.940939e-01 
1.578609e-01 
1.025587e-01 
1.324875e-02 
-1.348264e-01 
1.674289e-01 
1.687636e-01 
1.699440e-01 
1.702734e-01 
1.725744e-01 
1.720120e-01 
1.600822e-01 
9.737928e-02 
-1.219209e-01 
-3.805124e-01 
-5.543468e-01 
-6.484123e-01 
-6.976347e-01 
2.227341e-01 
2.242252e-01 
2.244006e-01 
2.257334e-01 
2.267113e-01 
2.261610e-01 
2.268575e-01 
2.240205e-01 
2.103300e-01 
1.583275e-01 
3.593561e-03 
-2.586292e-01 
-5.122887e-01 
2.773669e-01 
2.775458e-01 
2.789995e-01 
2.798340e-01 
2.809129e-01 
2.821808e-01 
2.826329e-01 
2.828757e-01 
2.812720e-01 
2.766545e-01 
2.605883e-01 
2.159046e-01 
1.006475e-01 
1.754998e-01 
1.774300e-01 
1.825398e-01 
1.917327e-01 
2.067580e-01 
2.288400e-01 
2.551022e-01 
2.309605e-01 
1.435408e-02 
-2.707178e-01 
-4.544913e-01 
-5.565746e-01 
-6.069494e-01 
2.350866e-01 
2.362688e-01 
2.409667e-01 
2.469752e-01 
2.561325e-01 
2.700272e-01 
2.887216e-01 
3.113587e-01 
3.365399e-01 
3.262280e-01 
1.926929e-01 
-8.435953e-02 
-3.607153e-01 
2.946729e-01 
2.962322e-01 
2.997386e-01 
3.040295e-01 
3.098878e-01 
3.201686e-01 
3.327550e-01 
3.500268e-01 
3.707966e-01 
3.955492e-01 
4.184798e-01 
4.145447e-01 
3.298134e-01 
1.835908e-01 
1.871903e-01 
1.966192e-01 
2.145778e-01 
2.431759e-01 
2.877653e-01 
3.496984e-01 
3.669543e-01 
1.523503e-01 
-1.578904e-01 
-3.601696e-01 
-4.618279e-01 
-5.177270e-01 
2.467684e-01 
2.496219e-01 
2.562461e-01 
2.679695e-01 
2.853097e-01 
3.101678e-01 
3.473735e-01 
3.984520e-01 
4.602222e-01 
4.907035e-01 
3.769932e-01 
8.717041e-02 
-2.126384e-01 
3.103593e-01 
3.123980e-01 
3.175527e-01 
3.262185e-01 
3.395315e-01 
3.576113e-01 
3.821023e-01 
4.146367e-01 
4.574625e-01 
5.119982e-01 
5.724535e-01 
6.076294e-01 
5.499635e-01 
1.927431e-01 
1.951906e-01 
1.896833e-01 
1.840935e-01 
1.731216e-01 
1.487195e-01 
9.989170e-02 
-1.287112e-02 
-2.515184e-01 
-5.023010e-01 
-6.671123e-01 
-7.568357e-01 
-8.004546e-01 
2.548822e-01 
2.550379e-01 
2.529328e-01 
2.495602e-01 
2.428237e-01 
2.329800e-01 
2.143377e-01 
1.840954e-01 
1.300868e-01 
2.888795e-02 
-1.629651e-01 
-4.317172e-01 
-6.755802e-01 
3.127871e-01 
3.132914e-01 
3.106654e-01 
3.080246e-01 
3.042678e-01 
2.972922e-01 
2.866787e-01 
2.711480e-01 
2.478491e-01 
2.121501e-01 
1.547838e-01 
6.059208e-02 
-1.003212e-01 
2.001528e-01 
2.007707e-01 
2.027441e-01 
2.043581e-01 
2.064688e-01 
2.059442e-01 
1.932981e-01 
1.213937e-01 
-1.159571e-01 
-3.911299e-01 
-5.702858e-01 
-6.640030e-01 
-7.086079e-01 
2.654973e-01 
2.669290e-01 
2.678306e-01 
2.696073e-01 
2.714252e-01 
2.730318e-01 
2.732398e-01 
2.699519e-01 
2.557441e-01 
1.984398e-01 
2.843623e-02 
-2.534864e-01 
-5.323915e-01 
3.296947e-01 
3.298923e-01 
3.313031e-01 
3.333441e-01 
3.354261e-01 
3.356154e-01 
3.372086e-01 
3.378311e-01 
3.356286e-01 
3.322036e-01 
3.148464e-01 
2.647768e-01 
1.370067e-01 
2.083465e-01 
2.103623e-01 
2.167011e-01 
2.264678e-01 
2.402540e-01 
2.626922e-01 
2.885752e-01 
2.559077e-01 
2.154553e-02 
-2.804036e-01 
-4.703050e-01 
-5.697989e-01 
-6.197655e-01 
2.774740e-01 
2.799132e-01 
2.852317e-01 
2.905957e-01 
3.007021e-01 
3.147057e-01 
3.333257e-01 
3.574082e-01 
3.803494e-01 
3.655677e-01 
2.179467e-01 
-8.038366e-02 
-3.719746e-01 
3.476102e-01 
3.495327e-01 
3.522010e-01 
3.576914e-01 
3.652168e-01 
3.750232e-01 
3.869105e-01 
4.044402e-01 
4.259386e-01 
4.513190e-01 
4.726974e-01 
4.642947e-01 
3.684823e-01 
2.165060e-01 
2.180808e-01 
2.292265e-01 
2.466711e-01 
2.757819e-01 
3.217816e-01 
3.831867e-01 
3.904740e-01 
1.560301e-01 
-1.709767e-01 
-3.725134e-01 
-4.780220e-01 
-5.289130e-01 
2.897076e-01 
2.932035e-01 
2.999741e-01 
3.116303e-01 
3.297594e-01 
3.568702e-01 
3.942300e-01 
4.454398e-01 
5.055940e-01 
5.302378e-01 
4.035006e-01 
9.309722e-02 
-2.219678e-01 
3.634200e-01 
3.656502e-01 
3.711160e-01 
3.803387e-01 
3.939926e-01 
4.124066e-01 
4.370988e-01 
4.704161e-01 
5.144105e-01 
5.685356e-01 
6.271544e-01 
6.578373e-01 
5.895076e-01 
2.263364e-01 
2.265809e-01 
2.236196e-01 
2.184911e-01 
2.073563e-01 
1.830883e-01 
1.320247e-01 
1.021963e-02 
-2.503937e-01 
-5.190082e-01 
-6.849331e-01 
-7.674626e-01 
-8.090020e-01 
2.984816e-01 
2.992582e-01 
2.966597e-01 
2.937116e-01 
2.877552e-01 
2.773060e-01 
2.590160e-01 
2.293571e-01 
1.740412e-01 
6.639498e-02 
-1.413969e-01 
-4.330944e-01 
-6.936871e-01 
3.699959e-01 
3.699999e-01 
3.690147e-01 
3.667737e-01 
3.626704e-01 
3.563324e-01 
3.465697e-01 
3.315527e-01 
3.082085e-01 
2.723913e-01 
2.141731e-01 
1.144642e-01 
-5.877971e-02 
2.319653e-01 
2.335718e-01 
2.354307e-01 
2.377907e-01 
2.394485e-01 
2.392549e-01 
2.251357e-01 
1.466272e-01 
-1.130941e-01 
-4.072567e-01 
-5.873080e-01 
-6.774455e-01 
-7.193877e-01 
3.074358e-01 
3.084522e-01 
3.100403e-01 
3.123036e-01 
3.142490e-01 
3.178650e-01 
3.197076e-01 
3.139166e-01 
2.978522e-01 
2.348561e-01 
4.898379e-02 
-2.575414e-01 
-5.405619e-01 
3.827868e-01 
3.842708e-01 
3.855539e-01 
3.857716e-01 
3.886160e-01 
3.920440e-01 
3.940669e-01 
3.951481e-01 
3.946532e-01 
3.891035e-01 
3.707318e-01 
3.149364e-01 
1.754564e-01 
2.405240e-01 
2.439495e-01 
2.487261e-01 
2.592015e-01 
2.750774e-01 
2.975724e-01 
3.215230e-01 
2.828520e-01 
2.602435e-02 
-2.937360e-01 
-4.876952e-01 
-5.829020e-01 
-6.306816e-01 
3.210293e-01 
3.220879e-01 
3.272316e-01 
3.345275e-01 
3.445469e-01 
3.590206e-01 
3.790972e-01 
4.033168e-01 
4.249408e-01 
4.035325e-01 
2.401076e-01 
-8.048070e-02 
-3.875325e-01 
3.989022e-01 
4.002984e-01 
4.038691e-01 
4.100239e-01 
4.181234e-01 
4.287317e-01 
4.427874e-01 
4.603260e-01 
4.825505e-01 
5.074196e-01 
5.271627e-01 
5.131917e-01 
4.058689e-01 
2.491924e-01 
2.527954e-01 
2.624301e-01 
2.811931e-01 
3.088445e-01 
3.549857e-01 
4.154665e-01 
4.162280e-01 
1.624193e-01 
-1.826467e-01 
-3.876977e-01 
-4.897542e-01 
-5.413417e-01 
3.326390e-01 
3.363551e-01 
3.433760e-01 
3.552949e-01 
3.737274e-01 
4.007929e-01 
4.387933e-01 
4.902569e-01 
5.491416e-01 
5.673368e-01 
4.254750e-01 
9.504444e-02 
-2.341079e-01 
4.159552e-01 
4.184956e-01 
4.247666e-01 
4.348297e-01 
4.487252e-01 
4.678333e-01 
4.933239e-01 
5.269951e-01 
5.710930e-01 
6.252814e-01 
6.817562e-01 
7.073023e-01 
6.279980e-01 
2.573723e-01 
2.547711e-01 
2.552021e-01 
2.492138e-01 
2.393834e-01 
2.152690e-01 
1.633048e-01 
3.715174e-02 
-2.486895e-01 
-5.297185e-01 
-7.031214e-01 
-7.879809e-01 
-8.192761e-01 
3.427496e-01 
3.432681e-01 
3.419815e-01 
3.392244e-01 
3.337454e-01 
3.250191e-01 
3.073888e-01 
2.777819e-01 
2.208869e-01 
1.068737e-01 
-1.169354e-01 
-4.304537e-01 
-7.061474e-01 
4.210466e-01 
4.210871e-01 
4.213935e-01 
4.193993e-01 
4.160055e-01 
4.106619e-01 
4.015614e-01 
3.873152e-01 
3.647417e-01 
3.291628e-01 
2.686279e-01 
1.635837e-01 
-2.216647e-02 
2.647536e-01 
2.661835e-01 
2.680501e-01 
2.722041e-01 
2.732119e-01 
2.735081e-01 
2.558091e-01 
1.665609e-01 
-1.090404e-01 
-4.225109e-01 
-6.022642e-01 
-6.935625e-01 
-7.280823e-01 
3.522929e-01 
3.535000e-01 
3.556761e-01 
3.579566e-01 
3.610203e-01 
3.643042e-01 
3.660037e-01 
3.625963e-01 
3.449807e-01 
2.751886e-01 
7.477767e-02 
-2.531024e-01 
-5.548589e-01 
4.353677e-01 
4.363221e-01 
4.385843e-01 
4.410445e-01 
4.436695e-01 
4.466528e-01 
4.494056e-01 
4.517302e-01 
4.518064e-01 
4.460167e-01 
4.258408e-01 
3.647019e-01 
2.126915e-01 
2.726586e-01 
2.737579e-01 
2.814336e-01 
2.916273e-01 
3.078130e-01 
3.318322e-01 
3.531574e-01 
3.059830e-01 
2.786574e-02 
-3.096342e-01 
-5.032085e-01 
-5.993479e-01 
-6.410569e-01 
3.632709e-01 
3.659639e-01 
3.709222e-01 
3.786541e-01 
3.897933e-01 
4.044012e-01 
4.249798e-01 
4.493778e-01 
4.697799e-01 
4.421293e-01 
2.639163e-01 
-7.844477e-02 
-4.014579e-01 
4.505923e-01 
4.525231e-01 
4.570589e-01 
4.636732e-01 
4.731062e-01 
4.843211e-01 
4.988489e-01 
5.171395e-01 
5.392416e-01 
5.644148e-01 
5.816714e-01 
5.618445e-01 
4.428414e-01 
2.804857e-01 
2.819314e-01 
2.950746e-01 
3.123238e-01 
3.414166e-01 
3.885985e-01 
4.470196e-01 
4.378182e-01 
1.647131e-01 
-1.973488e-01 
-4.058383e-01 
-5.042087e-01 
-5.517532e-01 
3.752311e-01 
3.781905e-01 
3.862238e-01 
3.998576e-01 
4.186343e-01 
4.462300e-01 
4.849022e-01 
5.341226e-01 
5.935853e-01 
6.047185e-01 
4.481440e-01 
9.614633e-02 
-2.494438e-01 
4.692038e-01 
4.724397e-01 
4.793745e-01 
4.902603e-01 
5.046897e-01 
5.248000e-01 
5.510624e-01 
5.855040e-01 
6.292107e-01 
6.831843e-01 
7.376351e-01 
7.572677e-01 
6.672467e-01 
