1.513498e-01 
1.525291e-01 
1.484352e-01 
1.420957e-01 
1.303131e-01 
1.053525e-01 
5.799777e-02 
-4.804793e-02 
-2.633580e-01 
-5.022485e-01 
-6.591344e-01 
-7.532167e-01 
-7.945267e-01 
1.943916e-01 
1.942902e-01 
1.927083e-01 
1.888263e-01 
1.815771e-01 
1.698502e-01 
1.503064e-01 
1.198460e-01 
6.785891e-02 
-2.764868e-02 
-2.033006e-01 
-4.493980e-01 
-6.779650e-01 
2.319761e-01 
2.316016e-01 
2.303429e-01 
2.275511e-01 
2.227484e-01 
2.140536e-01 
2.035169e-01 
1.878659e-01 
1.645698e-01 
1.285701e-01 
7.350495e-02 
-1.556711e-02 
-1.634066e-01 
1.614660e-01 
1.628086e-01 
1.640160e-01 
1.643769e-01 
1.667314e-01 
1.662263e-01 
1.543578e-01 
9.171380e-02 
-1.275297e-01 
-3.863530e-01 
-5.598964e-01 
-6.538564e-01 
-7.030571e-01 
2.094771e-01 
2.109805e-01 
2.111920e-01 
2.125799e-01 
2.136274e-01 
2.131572e-01 
2.139403e-01 
2.111933e-01 
1.975939e-01 
1.456773e-01 
-8.977175e-03 
-2.711061e-01 
-5.246879e-01 
2.533539e-01 
2.535478e-01 
2.550446e-01 
2.559474e-01 
2.571147e-01 
2.584867e-01 
2.590542e-01 
2.594193e-01 
2.579426e-01 
2.534830e-01 
2.375383e-01 
1.929497e-01 
7.787733e-02 
1.713245e-01 
1.732889e-01 
1.783781e-01 
1.875863e-01 
2.026297e-01 
2.247420e-01 
2.510045e-01 
2.268602e-01 
1.026067e-02 
-2.747857e-01 
-4.584046e-01 
-5.605696e-01 
-6.109906e-01 
2.249215e-01 
2.261078e-01 
2.308154e-01 
2.368443e-01 
2.460230e-01 
2.599398e-01 
2.786563e-01 
3.013085e-01 
3.265085e-01 
3.162063e-01 
1.826772e-01 
-9.437739e-02 
-3.707401e-01 
2.756502e-01 
2.768578e-01 
2.805057e-01 
2.850071e-01 
2.908955e-01 
3.012420e-01 
3.139384e-01 
3.311700e-01 
3.519587e-01 
3.767306e-01 
3.996760e-01 
3.957499e-01 
3.110201e-01 
1.809922e-01 
1.845779e-01 
1.940270e-01 
2.119542e-01 
2.405424e-01 
2.851080e-01 
3.470189e-01 
3.642649e-01 
1.496111e-01 
-1.606434e-01 
-3.595878e-01 
-4.646601e-01 
-5.206026e-01 
2.403862e-01 
2.432357e-01 
2.498510e-01 
2.615659e-01 
2.788708e-01 
3.036978e-01 
3.408651e-01 
3.918976e-01 
4.536144e-01 
4.840361e-01 
3.702391e-01 
8.036365e-02 
-2.195220e-01 
2.976751e-01 
2.997066e-01 
3.048331e-01 
3.134826e-01 
3.267654e-01 
3.447992e-01 
3.692337e-01 
4.017004e-01 
4.444476e-01 
4.988931e-01 
5.592473e-01 
5.943129e-01 
5.365327e-01 
1.839591e-01 
1.864468e-01 
1.810374e-01 
1.755686e-01 
1.647252e-01 
1.404569e-01 
9.176221e-02 
-2.086516e-02 
-2.593919e-01 
-5.100664e-01 
-6.747752e-01 
-7.643973e-01 
-8.079133e-01 
2.364764e-01 
2.366865e-01 
2.347242e-01 
2.315416e-01 
2.250113e-01 
2.153940e-01 
1.969753e-01 
1.669536e-01 
1.131606e-01 
1.217049e-02 
-1.795418e-01 
-4.480434e-01 
-6.917259e-01 
2.838116e-01 
2.843828e-01 
2.819384e-01 
2.795687e-01 
2.761147e-01 
2.694989e-01 
2.591674e-01 
2.439637e-01 
2.210026e-01 
1.856244e-01 
1.285741e-01 
3.468244e-02 
-1.259582e-01 
1.933432e-01 
1.939971e-01 
1.960509e-01 
1.977619e-01 
1.999756e-01 
1.995496e-01 
1.869973e-01 
1.151828e-01 
-1.220855e-01 
-3.971808e-01 
-5.762784e-01 
-6.699193e-01 
-7.144768e-01 
2.509613e-01 
2.525697e-01 
2.543476e-01 
2.554035e-01 
2.573824e-01 
2.591548e-01 
2.595257e-01 
2.563944e-01 
2.423344e-01 
1.851689e-01 
1.529418e-02 
-2.665098e-01 
-5.453058e-01 
3.052165e-01 
3.054977e-01 
3.080533e-01 
3.093124e-01 
3.116613e-01 
3.120659e-01 
3.139129e-01 
3.147728e-01 
3.128059e-01 
3.096049e-01 
2.924602e-01 
2.425874e-01 
1.150007e-01 
2.035332e-01 
2.055797e-01 
2.119823e-01 
2.218226e-01 
2.356750e-01 
2.581982e-01 
2.841105e-01 
2.515116e-01 
1.717389e-02 
-2.847255e-01 
-4.795539e-01 
-5.740744e-01 
-6.240012e-01 
2.665166e-01 
2.696804e-01 
2.744187e-01 
2.798779e-01 
2.901374e-01 
3.042554e-01 
3.229779e-01 
3.471587e-01 
3.701823e-01 
3.554703e-01 
2.079063e-01 
-9.037711e-02 
-3.819323e-01 
3.274412e-01 
3.294108e-01 
3.322049e-01 
3.378623e-01 
3.455716e-01 
3.555654e-01 
3.676283e-01 
3.853149e-01 
4.069540e-01 
4.324577e-01 
4.539425e-01 
4.456299e-01 
3.499009e-01 
2.134850e-01 
2.150814e-01 
2.262790e-01 
2.437680e-01 
2.729143e-01 
3.189376e-01 
3.803554e-01 
3.876469e-01 
1.531924e-01 
-1.738237e-01 
-3.754001e-01 
-4.809092e-01 
-5.318391e-01 
2.823365e-01 
2.858635e-01 
2.927087e-01 
3.044501e-01 
3.226487e-01 
3.498192e-01 
3.872179e-01 
4.384477e-01 
4.986046e-01 
5.232356e-01 
3.964716e-01 
8.602830e-02 
-2.290880e-01 
3.493285e-01 
3.515961e-01 
3.571598e-01 
3.665081e-01 
3.802874e-01 
3.988108e-01 
4.235894e-01 
4.569683e-01 
5.009993e-01 
5.551363e-01 
6.137470e-01 
6.443987e-01 
5.760197e-01 
2.167408e-01 
2.170510e-01 
2.142406e-01 
2.092883e-01 
1.983312e-01 
1.742344e-01 
1.233336e-01 
1.681906e-03 
-2.587873e-01 
-5.272691e-01 
-6.930699e-01 
-7.754808e-01 
-8.169211e-01 
2.789736e-01 
2.798400e-01 
2.774675e-01 
2.748088e-01 
2.691435e-01 
2.590269e-01 
2.410433e-01 
2.116761e-01 
1.566384e-01 
4.925187e-02 
-1.582915e-01 
-4.499143e-01 
-7.101227e-01 
3.357734e-01 
3.358873e-01 
3.351957e-01 
3.333588e-01 
3.297113e-01 
3.238461e-01 
3.145547e-01 
2.999983e-01 
2.770990e-01 
2.417085e-01 
1.838973e-01 
8.457482e-02 
-8.830336e-02 
2.251466e-01 
2.268124e-01 
2.288025e-01 
2.313148e-01 
2.331186e-01 
2.330600e-01 
2.190638e-01 
1.406668e-01 
-1.189539e-01 
-4.130265e-01 
-5.929986e-01 
-6.830567e-01 
-7.249459e-01 
2.932343e-01 
2.940742e-01 
2.958656e-01 
2.983839e-01 
3.005948e-01 
3.044406e-01 
3.064712e-01 
3.009841e-01 
2.851223e-01 
2.222981e-01 
3.662650e-02 
-2.699091e-01 
-5.526298e-01 
3.559773e-01 
3.574756e-01 
3.590921e-01 
3.607674e-01 
3.629154e-01 
3.667542e-01 
3.691635e-01 
3.706143e-01 
3.704660e-01 
3.651840e-01 
3.471649e-01 
2.916518e-01 
1.524201e-01 
2.352018e-01 
2.386827e-01 
2.435765e-01 
2.541788e-01 
2.701701e-01 
2.927649e-01 
3.168000e-01 
2.782001e-01 
2.148698e-02 
-2.982759e-01 
-4.922025e-01 
-5.873823e-01 
-6.351414e-01 
3.090598e-01 
3.101913e-01 
3.155149e-01 
3.230317e-01 
3.332712e-01 
3.479476e-01 
3.682044e-01 
3.925815e-01 
4.143410e-01 
3.930510e-01 
2.297229e-01 
-9.064541e-02 
-3.977786e-01 
3.775376e-01 
3.790191e-01 
3.828179e-01 
3.892955e-01 
3.977350e-01 
4.086752e-01 
4.230398e-01 
4.408583e-01 
4.633325e-01 
4.884208e-01 
5.083543e-01 
4.945470e-01 
3.873635e-01 
2.457090e-01 
2.493607e-01 
2.590969e-01 
2.779622e-01 
3.056980e-01 
3.519024e-01 
4.124289e-01 
4.132183e-01 
1.594274e-01 
-1.856259e-01 
-3.906883e-01 
-4.927637e-01 
-5.443693e-01 
3.242234e-01 
3.280045e-01 
3.351842e-01 
3.472903e-01 
3.658985e-01 
3.931131e-01 
4.312327e-01 
4.827869e-01 
5.417358e-01 
5.599719e-01 
4.181303e-01 
8.770145e-02 
-2.414650e-01 
3.997442e-01 
4.023632e-01 
4.088419e-01 
4.191800e-01 
4.333601e-01 
4.527315e-01 
4.784505e-01 
5.123107e-01 
5.565592e-01 
6.108613e-01 
6.674163e-01 
6.930111e-01 
6.137283e-01 
2.481344e-01 
2.456264e-01 
2.462585e-01 
2.405009e-01 
2.308949e-01 
2.069914e-01 
1.551606e-01 
2.923491e-02 
-2.564309e-01 
-5.373100e-01 
-7.105774e-01 
-7.953135e-01 
-8.264989e-01 
3.211768e-01 
3.218186e-01 
3.208393e-01 
3.184711e-01 
3.133991e-01 
3.050708e-01 
2.878193e-01 
2.585684e-01 
2.020060e-01 
8.830271e-02 
-1.352186e-01 
-4.484696e-01 
-7.239156e-01 
3.854173e-01 
3.856074e-01 
3.863130e-01 
3.848640e-01 
3.820773e-01 
3.773528e-01 
3.688600e-01 
3.551981e-01 
3.331806e-01 
2.981275e-01 
2.380879e-01 
1.335093e-01 
-5.180229e-02 
2.574479e-01 
2.589630e-01 
2.610165e-01 
2.653772e-01 
2.665790e-01 
2.670503e-01 
2.495079e-01 
1.603977e-01 
-1.150840e-01 
-4.284468e-01 
-6.081098e-01 
-6.993193e-01 
-7.337788e-01 
3.351856e-01 
3.365071e-01 
3.389664e-01 
3.416004e-01 
3.450257e-01 
3.486537e-01 
3.506712e-01 
3.475539e-01 
3.302012e-01 
2.606462e-01 
6.038707e-02 
-2.673122e-01 
-5.688531e-01 
4.059137e-01 
4.070054e-01 
4.096349e-01 
4.125937e-01 
4.157668e-01 
4.192988e-01 
4.225782e-01 
4.253968e-01 
4.259300e-01 
4.205577e-01 
4.007785e-01 
3.399942e-01 
1.883064e-01 
2.671277e-01 
2.683059e-01 
2.761525e-01 
2.865280e-01 
3.029028e-01 
3.270363e-01 
3.484801e-01 
3.014061e-01 
2.336360e-02 
-3.140722e-01 
-5.075948e-01 
-6.036961e-01 
-6.453763e-01 
3.501144e-01 
3.529131e-01 
3.581326e-01 
3.661856e-01 
3.776471e-01 
3.925396e-01 
4.133752e-01 
4.379968e-01 
4.585912e-01 
4.311041e-01 
2.530291e-01 
-8.921693e-02 
-4.121354e-01 
4.269591e-01 
4.290169e-01 
4.338927e-01 
4.409806e-01 
4.508900e-01 
4.625838e-01 
4.775583e-01 
4.962540e-01 
5.187183e-01 
5.442090e-01 
5.617387e-01 
5.421606e-01 
4.232913e-01 
2.767205e-01 
2.784010e-01 
2.915373e-01 
3.089451e-01 
3.381710e-01 
3.854569e-01 
4.439560e-01 
4.348093e-01 
1.617420e-01 
-2.003037e-01 
-4.087777e-01 
-5.071521e-01 
-5.547106e-01 
3.657121e-01 
3.687695e-01 
3.770436e-01 
3.909633e-01 
4.100161e-01 
4.372756e-01 
4.767184e-01 
5.260957e-01 
5.856791e-01 
5.969011e-01 
4.403875e-01 
8.842638e-02 
-2.571491e-01 
4.497151e-01 
4.530691e-01 
4.603185e-01 
4.716241e-01 
4.864949e-01 
5.070206e-01 
5.336516e-01 
5.684090e-01 
6.123788e-01 
6.666199e-01 
7.211921e-01 
7.409439e-01 
6.510082e-01 
