7.784070e-02 
7.988220e-02 
7.817800e-02 
7.508370e-02 
6.679620e-02 
4.505990e-02 
3.267200e-04 
-1.037356e-01 
-3.172737e-01 
-5.541554e-01 
-7.091058e-01 
-8.013015e-01 
-8.407928e-01 
1.076770e-01 
1.082399e-01 
1.085178e-01 
1.073798e-01 
1.033866e-01 
9.507350e-02 
7.882690e-02 
5.129960e-02 
1.751600e-03 
-9.179970e-02 
-2.657650e-01 
-5.101359e-01 
-7.368249e-01 
1.365973e-01 
1.367396e-01 
1.369784e-01 
1.365092e-01 
1.344586e-01 
1.290434e-01 
1.218284e-01 
1.094356e-01 
8.916400e-02 
5.585900e-02 
3.082560e-03 
-8.410076e-02 
-2.302909e-01 
1.129241e-01 
1.148679e-01 
1.176596e-01 
1.201887e-01 
1.248691e-01 
1.265209e-01 
1.163961e-01 
5.508740e-02 
-1.629664e-01 
-4.201774e-01 
-5.926011e-01 
-6.853184e-01 
-7.332758e-01 
1.522797e-01 
1.542264e-01 
1.556737e-01 
1.588858e-01 
1.621049e-01 
1.639209e-01 
1.669147e-01 
1.661438e-01 
1.541908e-01 
1.036107e-01 
-4.987010e-02 
-3.108276e-01 
-5.631160e-01 
1.923995e-01 
1.929379e-01 
1.954272e-01 
1.978572e-01 
2.009373e-01 
2.044509e-01 
2.072474e-01 
2.098057e-01 
2.103806e-01 
2.077191e-01 
1.933922e-01 
1.501425e-01 
3.610550e-02 
1.480229e-01 
1.502203e-01 
1.561336e-01 
1.664234e-01 
1.826368e-01 
2.058216e-01 
2.329796e-01 
2.095253e-01 
-5.103100e-03 
-2.908281e-01 
-4.738859e-01 
-5.752931e-01 
-6.250315e-01 
1.993148e-01 
2.007096e-01 
2.060354e-01 
2.129847e-01 
2.232586e-01 
2.383458e-01 
2.581866e-01 
2.818587e-01 
3.079054e-01 
2.983001e-01 
1.653890e-01 
-1.110248e-01 
-3.866851e-01 
2.511776e-01 
2.529126e-01 
2.569333e-01 
2.620265e-01 
2.688811e-01 
2.802876e-01 
2.940497e-01 
3.124827e-01 
3.343419e-01 
3.600743e-01 
3.838463e-01 
3.806250e-01 
2.965315e-01 
1.832041e-01 
1.867219e-01 
1.961564e-01 
2.141225e-01 
2.427283e-01 
2.873234e-01 
3.492558e-01 
3.665080e-01 
1.519109e-01 
-1.583126e-01 
-3.605727e-01 
-4.622149e-01 
-5.181048e-01 
2.457470e-01 
2.485896e-01 
2.552201e-01 
2.669641e-01 
2.843305e-01 
3.092162e-01 
3.464478e-01 
3.975481e-01 
4.593351e-01 
4.898283e-01 
3.761313e-01 
8.632950e-02 
-2.134584e-01 
3.083927e-01 
3.104412e-01 
3.156166e-01 
3.243132e-01 
3.376660e-01 
3.557916e-01 
3.803306e-01 
4.129123e-01 
4.557819e-01 
5.103314e-01 
5.708441e-01 
6.062421e-01 
5.483900e-01 
9.386590e-02 
9.847670e-02 
9.825540e-02 
9.889990e-02 
9.398560e-02 
7.486930e-02 
3.024353e-02 
-7.949560e-02 
-3.160166e-01 
-5.650343e-01 
-7.281278e-01 
-8.160898e-01 
-8.579290e-01 
1.266547e-01 
1.284832e-01 
1.307928e-01 
1.332462e-01 
1.327425e-01 
1.289531e-01 
1.158701e-01 
9.047150e-02 
4.044113e-02 
-5.767010e-02 
-2.471974e-01 
-5.140891e-01 
-7.562575e-01 
1.578817e-01 
1.597181e-01 
1.607891e-01 
1.633861e-01 
1.656021e-01 
1.648043e-01 
1.602142e-01 
1.503436e-01 
1.321908e-01 
1.010140e-01 
4.746995e-02 
-4.362630e-02 
-2.020837e-01 
1.282119e-01 
1.306715e-01 
1.371214e-01 
1.438631e-01 
1.508294e-01 
1.544810e-01 
1.451334e-01 
7.556890e-02 
-1.602589e-01 
-4.343107e-01 
-6.124309e-01 
-7.050294e-01 
-7.484334e-01 
1.719089e-01 
1.747311e-01 
1.793686e-01 
1.859867e-01 
1.929018e-01 
1.993844e-01 
2.040033e-01 
2.045301e-01 
1.934498e-01 
1.385541e-01 
-2.971300e-02 
-3.103779e-01 
-5.882054e-01 
2.162661e-01 
2.175652e-01 
2.220707e-01 
2.284599e-01 
2.354625e-01 
2.406785e-01 
2.471194e-01 
2.522501e-01 
2.540925e-01 
2.542594e-01 
2.399110e-01 
1.922525e-01 
6.623860e-02 
1.636062e-01 
1.670379e-01 
1.770183e-01 
1.907990e-01 
2.082336e-01 
2.337381e-01 
2.620110e-01 
2.309775e-01 
-2.479300e-03 
-3.039865e-01 
-4.935360e-01 
-5.925632e-01 
-6.419476e-01 
2.187119e-01 
2.222861e-01 
2.306499e-01 
2.398890e-01 
2.539640e-01 
2.716568e-01 
2.935441e-01 
3.204170e-01 
3.456181e-01 
3.325314e-01 
1.860325e-01 
-1.116449e-01 
-4.028362e-01 
2.759235e-01 
2.787744e-01 
2.839239e-01 
2.928949e-01 
3.043124e-01 
3.180055e-01 
3.335688e-01 
3.544615e-01 
3.789473e-01 
4.069235e-01 
4.304676e-01 
4.237690e-01 
3.292163e-01 
1.988983e-01 
2.015416e-01 
2.155123e-01 
2.358621e-01 
2.674526e-01 
3.154239e-01 
3.783158e-01 
3.865489e-01 
1.523867e-01 
-1.748546e-01 
-3.767343e-01 
-4.824320e-01 
-5.333624e-01 
2.658599e-01 
2.702736e-01 
2.794066e-01 
2.939677e-01 
3.149568e-01 
3.445912e-01 
3.840972e-01 
4.370881e-01 
4.986477e-01 
5.242837e-01 
3.980507e-01 
8.767960e-02 
-2.276296e-01 
3.335253e-01 
3.364521e-01 
3.438415e-01 
3.557452e-01 
3.723115e-01 
3.935250e-01 
4.207538e-01 
4.563125e-01 
5.022528e-01 
5.580304e-01 
6.179994e-01 
6.497008e-01 
5.820028e-01 
1.101675e-01 
1.137657e-01 
1.189458e-01 
1.229287e-01 
1.202725e-01 
1.032131e-01 
5.782979e-02 
-6.001620e-02 
-3.182656e-01 
-5.853782e-01 
-7.499950e-01 
-8.310212e-01 
-8.708505e-01 
1.473554e-01 
1.506970e-01 
1.549282e-01 
1.607011e-01 
1.637727e-01 
1.618305e-01 
1.511699e-01 
1.280663e-01 
7.807932e-02 
-2.553450e-02 
-2.305408e-01 
-5.204045e-01 
-7.796523e-01 
1.871798e-01 
1.891856e-01 
1.938463e-01 
1.995031e-01 
2.042012e-01 
2.067206e-01 
2.054072e-01 
1.981613e-01 
1.817863e-01 
1.520297e-01 
9.888542e-02 
3.210500e-03 
-1.670304e-01 
1.428684e-01 
1.474321e-01 
1.565872e-01 
1.669430e-01 
1.759042e-01 
1.818197e-01 
1.724603e-01 
9.723330e-02 
-1.606922e-01 
-4.540068e-01 
-6.333929e-01 
-7.226250e-01 
-7.634314e-01 
1.911844e-01 
1.944236e-01 
2.020608e-01 
2.120279e-01 
2.218543e-01 
2.328072e-01 
2.411386e-01 
2.408956e-01 
2.293352e-01 
1.696972e-01 
-1.394910e-02 
-3.192068e-01 
-6.014898e-01 
2.417620e-01 
2.450167e-01 
2.512061e-01 
2.583301e-01 
2.688627e-01 
2.799846e-01 
2.892836e-01 
2.970089e-01 
3.024378e-01 
3.020154e-01 
2.879294e-01 
2.355154e-01 
9.859670e-02 
1.785877e-01 
1.846088e-01 
1.957873e-01 
2.131393e-01 
2.351414e-01 
2.626492e-01 
2.904803e-01 
2.543872e-01 
-1.272200e-03 
-3.208262e-01 
-5.148106e-01 
-6.097616e-01 
-6.570137e-01 
2.397788e-01 
2.427877e-01 
2.532203e-01 
2.671969e-01 
2.839505e-01 
3.045769e-01 
3.300202e-01 
3.587689e-01 
3.840439e-01 
3.652825e-01 
2.034673e-01 
-1.164482e-01 
-4.234085e-01 
2.998928e-01 
3.028273e-01 
3.105977e-01 
3.227237e-01 
3.374487e-01 
3.546108e-01 
3.747760e-01 
3.978134e-01 
4.248602e-01 
4.539301e-01 
4.771496e-01 
4.658535e-01 
3.603902e-01 
2.145494e-01 
2.203247e-01 
2.355194e-01 
2.600552e-01 
2.926151e-01 
3.426771e-01 
4.061394e-01 
4.087817e-01 
1.555219e-01 
-1.900281e-01 
-3.957811e-01 
-4.982357e-01 
-5.499052e-01 
2.864249e-01 
2.919531e-01 
3.034409e-01 
3.210145e-01 
3.450809e-01 
3.771406e-01 
4.193810e-01 
4.743605e-01 
5.360334e-01 
5.561951e-01 
4.153319e-01 
8.495320e-02 
-2.447688e-01 
3.590544e-01 
3.628465e-01 
3.726695e-01 
3.878273e-01 
4.073200e-01 
4.318821e-01 
4.623349e-01 
5.003944e-01 
5.483080e-01 
6.057356e-01 
6.648511e-01 
6.923929e-01 
6.143307e-01 
1.241178e-01 
1.260117e-01 
1.373182e-01 
1.432649e-01 
1.443357e-01 
1.293728e-01 
8.454804e-02 
-3.674670e-02 
-3.199543e-01 
-5.997765e-01 
-7.722528e-01 
-8.558544e-01 
-8.855288e-01 
1.693007e-01 
1.732255e-01 
1.809755e-01 
1.897212e-01 
1.959894e-01 
1.981725e-01 
1.901932e-01 
1.688138e-01 
1.185658e-01 
9.491600e-03 
-2.110872e-01 
-5.227967e-01 
-7.975048e-01 
2.113944e-01 
2.140538e-01 
2.217087e-01 
2.300186e-01 
2.380653e-01 
2.441397e-01 
2.457782e-01 
2.413448e-01 
2.274886e-01 
1.994724e-01 
1.452076e-01 
4.509442e-02 
-1.371140e-01 
1.587619e-01 
1.641669e-01 
1.760375e-01 
1.910660e-01 
2.017191e-01 
2.100775e-01 
1.986217e-01 
1.135191e-01 
-1.599776e-01 
-4.728510e-01 
-6.523290e-01 
-7.429557e-01 
-7.763955e-01 
2.139520e-01 
2.180971e-01 
2.285324e-01 
2.412234e-01 
2.548601e-01 
2.678732e-01 
2.781086e-01 
2.819365e-01 
2.701611e-01 
2.046850e-01 
6.958900e-03 
-3.196627e-01 
-6.209822e-01 
2.679404e-01 
2.712474e-01 
2.799432e-01 
2.915526e-01 
3.044375e-01 
3.176567e-01 
3.300142e-01 
3.410389e-01 
3.488265e-01 
3.496915e-01 
3.350581e-01 
2.782258e-01 
1.292234e-01 
1.939168e-01 
1.986102e-01 
2.153699e-01 
2.352406e-01 
2.599370e-01 
2.909564e-01 
3.175988e-01 
2.739293e-01 
-2.736900e-03 
-3.403089e-01 
-5.342468e-01 
-6.303499e-01 
-6.715723e-01 
2.601383e-01 
2.656481e-01 
2.778207e-01 
2.948138e-01 
3.154296e-01 
3.385804e-01 
3.665827e-01 
3.972137e-01 
4.226211e-01 
3.985839e-01 
2.224591e-01 
-1.192264e-01 
-4.424348e-01 
3.255305e-01 
3.294069e-01 
3.395757e-01 
3.543480e-01 
3.729555e-01 
3.932212e-01 
4.162079e-01 
4.420702e-01 
4.708377e-01 
5.017515e-01 
5.237307e-01 
5.075377e-01 
3.909887e-01 
2.289814e-01 
2.336606e-01 
2.549536e-01 
2.807908e-01 
3.172547e-01 
3.703017e-01 
4.331781e-01 
4.268054e-01 
1.545104e-01 
-2.082744e-01 
-4.178371e-01 
-5.168144e-01 
-5.644794e-01 
3.072719e-01 
3.127389e-01 
3.271449e-01 
3.490954e-01 
3.761785e-01 
4.111778e-01 
4.561704e-01 
5.106165e-01 
5.742427e-01 
5.883047e-01 
4.332062e-01 
8.126310e-02 
-2.651558e-01 
3.865283e-01 
3.914070e-01 
4.031648e-01 
4.212141e-01 
4.437218e-01 
4.718106e-01 
5.053995e-01 
5.463373e-01 
5.956747e-01 
6.544263e-01 
7.128372e-01 
7.354029e-01 
6.472260e-01 
