8.152390e-02 
8.354520e-02 
8.178330e-02 
7.860000e-02 
7.019900e-02 
4.833030e-02 
3.446620e-03 
-1.007779e-01 
-3.144830e-01 
-5.516180e-01 
-7.066682e-01 
-7.990411e-01 
-8.387433e-01 
1.124738e-01 
1.130081e-01 
1.132073e-01 
1.119393e-01 
1.077755e-01 
9.926590e-02 
8.278720e-02 
5.500330e-02 
5.177800e-03 
-8.866850e-02 
-2.629439e-01 
-5.076363e-01 
-7.346582e-01 
1.437144e-01 
1.438248e-01 
1.439590e-01 
1.432982e-01 
1.411376e-01 
1.353675e-01 
1.278355e-01 
1.150863e-01 
9.443410e-02 
6.070680e-02 
7.481410e-03 
-8.017381e-02 
-2.268566e-01 
1.147363e-01 
1.166644e-01 
1.194155e-01 
1.218730e-01 
1.264771e-01 
1.280367e-01 
1.178099e-01 
5.638720e-02 
-1.617889e-01 
-4.194141e-01 
-5.917307e-01 
-6.845263e-01 
-7.326445e-01 
1.546309e-01 
1.565579e-01 
1.579481e-01 
1.610685e-01 
1.641659e-01 
1.658344e-01 
1.686585e-01 
1.676990e-01 
1.555411e-01 
1.047428e-01 
-4.898120e-02 
-3.101693e-01 
-5.627084e-01 
1.942669e-01 
1.947806e-01 
1.971957e-01 
1.995056e-01 
2.024235e-01 
2.057371e-01 
2.082998e-01 
2.105936e-01 
2.108777e-01 
2.079311e-01 
1.932625e-01 
1.496286e-01 
3.528490e-02 
1.477943e-01 
1.500137e-01 
1.558723e-01 
1.661254e-01 
1.822913e-01 
2.054309e-01 
2.325069e-01 
2.089628e-01 
-5.749000e-03 
-2.915404e-01 
-4.745363e-01 
-5.761177e-01 
-6.259941e-01 
1.971550e-01 
1.985374e-01 
2.038256e-01 
2.107207e-01 
2.209187e-01 
2.359123e-01 
2.556450e-01 
2.791907e-01 
3.051060e-01 
2.953537e-01 
1.622873e-01 
-1.142931e-01 
-3.901266e-01 
2.455871e-01 
2.469482e-01 
2.510482e-01 
2.562517e-01 
2.630148e-01 
2.743318e-01 
2.880249e-01 
3.062203e-01 
3.278846e-01 
3.534096e-01 
3.769597e-01 
3.735026e-01 
2.891598e-01 
1.806703e-01 
1.841741e-01 
1.936283e-01 
2.115620e-01 
2.401569e-01 
2.847270e-01 
3.466359e-01 
3.638768e-01 
1.492284e-01 
-1.610104e-01 
-3.599372e-01 
-4.649949e-01 
-5.209297e-01 
2.396007e-01 
2.424388e-01 
2.490590e-01 
2.607924e-01 
2.781207e-01 
3.029719e-01 
3.401614e-01 
3.912117e-01 
4.529416e-01 
4.833706e-01 
3.695818e-01 
7.972300e-02 
-2.201469e-01 
2.963313e-01 
2.983716e-01 
3.035162e-01 
3.121920e-01 
3.255090e-01 
3.435816e-01 
3.680561e-01 
4.005613e-01 
4.433427e-01 
4.977920e-01 
5.581930e-01 
5.934698e-01 
5.354923e-01 
9.710520e-02 
1.016961e-01 
1.014178e-01 
1.019735e-01 
9.694480e-02 
7.769820e-02 
3.292790e-02 
-7.696170e-02 
-3.136523e-01 
-5.628534e-01 
-7.261351e-01 
-8.142839e-01 
-8.563043e-01 
1.324754e-01 
1.342758e-01 
1.365046e-01 
1.388282e-01 
1.381467e-01 
1.341554e-01 
1.208350e-01 
9.517280e-02 
4.485721e-02 
-5.355760e-02 
-2.434638e-01 
-5.106284e-01 
-7.531408e-01 
1.692357e-01 
1.710364e-01 
1.720001e-01 
1.744391e-01 
1.764288e-01 
1.753862e-01 
1.704177e-01 
1.601704e-01 
1.416185e-01 
1.099991e-01 
5.598793e-02 
-3.560570e-02 
-1.945979e-01 
1.296424e-01 
1.320888e-01 
1.384977e-01 
1.451773e-01 
1.520677e-01 
1.556274e-01 
1.461765e-01 
7.650140e-02 
-1.594456e-01 
-4.336212e-01 
-6.118826e-01 
-7.046017e-01 
-7.481518e-01 
1.741455e-01 
1.770767e-01 
1.824110e-01 
1.880626e-01 
1.948481e-01 
2.011786e-01 
2.056246e-01 
2.059600e-01 
1.946714e-01 
1.395536e-01 
-2.894820e-02 
-3.098584e-01 
-5.879399e-01 
2.200147e-01 
2.213133e-01 
2.267301e-01 
2.320059e-01 
2.388672e-01 
2.438395e-01 
2.500419e-01 
2.548930e-01 
2.564357e-01 
2.562779e-01 
2.415838e-01 
1.935578e-01 
6.715920e-02 
1.631873e-01 
1.666121e-01 
1.765683e-01 
1.903144e-01 
2.077006e-01 
2.331738e-01 
2.613602e-01 
2.302805e-01 
-3.264600e-03 
-3.048325e-01 
-4.994171e-01 
-5.935761e-01 
-6.430232e-01 
2.168765e-01 
2.211246e-01 
2.287763e-01 
2.379340e-01 
2.519653e-01 
2.695663e-01 
2.913464e-01 
3.181072e-01 
3.431807e-01 
3.299555e-01 
1.833075e-01 
-1.145261e-01 
-4.058817e-01 
2.714430e-01 
2.742781e-01 
2.793812e-01 
2.882734e-01 
2.995872e-01 
3.131576e-01 
3.285731e-01 
3.492949e-01 
3.735908e-01 
4.013592e-01 
4.246794e-01 
4.177424e-01 
3.229551e-01 
1.963811e-01 
1.990205e-01 
2.129883e-01 
2.333252e-01 
2.649008e-01 
3.128536e-01 
3.757234e-01 
3.839319e-01 
1.497353e-01 
-1.775352e-01 
-3.794713e-01 
-4.851837e-01 
-5.361649e-01 
2.598177e-01 
2.642272e-01 
2.733482e-01 
2.878894e-01 
3.088445e-01 
3.384445e-01 
3.779058e-01 
4.308436e-01 
4.923421e-01 
5.179094e-01 
3.916007e-01 
8.114670e-02 
-2.342518e-01 
3.222780e-01 
3.251984e-01 
3.325693e-01 
3.444426e-01 
3.609666e-01 
3.821257e-01 
4.092880e-01 
4.447682e-01 
4.906181e-01 
5.462926e-01 
6.061496e-01 
6.377257e-01 
5.698930e-01 
1.130711e-01 
1.166493e-01 
1.217718e-01 
1.256652e-01 
1.228946e-01 
1.057013e-01 
6.016933e-02 
-5.783710e-02 
-3.162555e-01 
-5.835460e-01 
-7.483452e-01 
-8.295541e-01 
-8.695796e-01 
1.532678e-01 
1.565818e-01 
1.607315e-01 
1.663730e-01 
1.692525e-01 
1.671240e-01 
1.562290e-01 
1.328636e-01 
8.259344e-02 
-2.132550e-02 
-2.266486e-01 
-5.170010e-01 
-7.764240e-01 
1.956616e-01 
1.976321e-01 
2.021871e-01 
2.076724e-01 
2.121392e-01 
2.143742e-01 
2.127293e-01 
2.051101e-01 
1.883251e-01 
1.581260e-01 
1.045106e-01 
8.339100e-03 
-1.624206e-01 
1.447442e-01 
1.492927e-01 
1.584041e-01 
1.686973e-01 
1.775766e-01 
1.833958e-01 
1.739288e-01 
9.858530e-02 
-1.594640e-01 
-4.529085e-01 
-6.324303e-01 
-7.217927e-01 
-7.627504e-01 
1.948850e-01 
1.978471e-01 
2.054268e-01 
2.153001e-01 
2.250026e-01 
2.357782e-01 
2.438831e-01 
2.435265e-01 
2.317531e-01 
1.718742e-01 
-1.197940e-02 
-3.176504e-01 
-6.000305e-01 
2.454519e-01 
2.485967e-01 
2.547800e-01 
2.628778e-01 
2.721498e-01 
2.830737e-01 
2.921249e-01 
2.995734e-01 
3.046970e-01 
3.038890e-01 
2.895038e-01 
2.367240e-01 
9.941020e-02 
1.781009e-01 
1.841147e-01 
1.952688e-01 
2.125837e-01 
2.345375e-01 
2.619881e-01 
2.897545e-01 
2.535905e-01 
-2.089500e-03 
-3.217749e-01 
-5.158499e-01 
-6.108917e-01 
-6.582363e-01 
2.380250e-01 
2.410219e-01 
2.514192e-01 
2.653392e-01 
2.820168e-01 
3.025500e-01 
3.278851e-01 
3.565123e-01 
3.816539e-01 
3.627514e-01 
2.007829e-01 
-1.191540e-01 
-4.264289e-01 
2.964255e-01 
2.993412e-01 
3.070577e-01 
3.191142e-01 
3.337343e-01 
3.507651e-01 
3.707750e-01 
3.936352e-01 
4.204849e-01 
4.493391e-01 
4.723260e-01 
4.607824e-01 
3.550587e-01 
2.120066e-01 
2.177801e-01 
2.329675e-01 
2.574921e-01 
2.900368e-01 
3.400791e-01 
4.035189e-01 
4.061331e-01 
1.528450e-01 
-1.927305e-01 
-3.985268e-01 
-5.010269e-01 
-5.527370e-01 
2.804231e-01 
2.859471e-01 
2.974228e-01 
3.149762e-01 
3.390145e-01 
3.710384e-01 
4.132352e-01 
4.681636e-01 
5.297779e-01 
5.498739e-01 
4.089380e-01 
7.848000e-02 
-2.513271e-01 
3.478887e-01 
3.516742e-01 
3.614777e-01 
3.766050e-01 
3.960540e-01 
4.205600e-01 
4.509444e-01 
4.889229e-01 
5.367436e-01 
5.940664e-01 
6.530658e-01 
6.804801e-01 
6.022807e-01 
1.278406e-01 
1.297167e-01 
1.409626e-01 
1.468187e-01 
1.477731e-01 
1.326752e-01 
8.763875e-02 
-3.376990e-02 
-3.171379e-01 
-5.971394e-01 
-7.698022e-01 
-8.535946e-01 
-8.834655e-01 
1.742944e-01 
1.781914e-01 
1.858591e-01 
1.944734e-01 
2.005676e-01 
2.025406e-01 
1.943209e-01 
1.726753e-01 
1.221390e-01 
1.275820e-02 
-2.081431e-01 
-5.201878e-01 
-7.952419e-01 
2.207663e-01 
2.233899e-01 
2.309378e-01 
2.390743e-01 
2.468872e-01 
2.526735e-01 
2.539766e-01 
2.491656e-01 
2.348945e-01 
2.064308e-01 
1.516896e-01 
5.107520e-02 
-1.316546e-01 
1.605946e-01 
1.659854e-01 
1.778149e-01 
1.927797e-01 
2.033503e-01 
2.116121e-01 
2.000490e-01 
1.148290e-01 
-1.587947e-01 
-4.717987e-01 
-6.514166e-01 
-7.421768e-01 
-7.757711e-01 
2.158440e-01 
2.199692e-01 
2.303453e-01 
2.429418e-01 
2.564530e-01 
2.693140e-01 
2.793744e-01 
2.830077e-01 
2.710208e-01 
2.053184e-01 
7.291900e-03 
-3.195899e-01 
-6.211239e-01 
2.711745e-01 
2.744554e-01 
2.830737e-01 
2.945570e-01 
3.072717e-01 
3.202804e-01 
3.323915e-01 
3.431373e-01 
3.506160e-01 
3.511429e-01 
3.361630e-01 
2.789552e-01 
1.295589e-01 
1.936562e-01 
1.983412e-01 
2.150770e-01 
2.349098e-01 
2.595831e-01 
2.905194e-01 
3.170979e-01 
2.733598e-01 
-3.388900e-03 
-3.410438e-01 
-5.350683e-01 
-6.312636e-01 
-6.725806e-01 
2.582699e-01 
2.637677e-01 
2.759044e-01 
2.928415e-01 
3.133855e-01 
3.364362e-01 
3.643290e-01 
3.948371e-01 
4.201094e-01 
3.959262e-01 
2.196457e-01 
-1.222038e-01 
-4.455835e-01 
3.219471e-01 
3.258071e-01 
3.359286e-01 
3.506391e-01 
3.691238e-01 
3.892548e-01 
4.120844e-01 
4.377678e-01 
4.663370e-01 
4.970317e-01 
5.187705e-01 
5.023343e-01 
3.854473e-01 
2.265919e-01 
2.314309e-01 
2.525547e-01 
2.783809e-01 
3.148295e-01 
3.678571e-01 
4.307102e-01 
4.243090e-01 
1.519836e-01 
-2.108414e-01 
-4.204355e-01 
-5.194559e-01 
-5.671679e-01 
3.012440e-01 
3.067067e-01 
3.210999e-01 
3.430278e-01 
3.700841e-01 
4.044725e-01 
4.499947e-01 
5.043884e-01 
5.679540e-01 
5.819479e-01 
4.267741e-01 
7.474890e-02 
-2.717590e-01 
3.742660e-01 
3.791382e-01 
3.908766e-01 
4.088940e-01 
4.313572e-01 
4.593889e-01 
4.929081e-01 
5.337638e-01 
5.830066e-01 
6.417054e-01 
6.999510e-01 
7.223791e-01 
6.340570e-01 
