8.433187e-02 
8.620864e-02 
8.432456e-02 
8.303348e-02 
7.256801e-02 
5.056406e-02 
5.559332e-03 
-1.029609e-01 
-3.135917e-01 
-5.522321e-01 
-7.087706e-01 
-8.027036e-01 
-8.437839e-01 
1.164387e-01 
1.169910e-01 
1.170701e-01 
1.156571e-01 
1.114124e-01 
1.035475e-01 
8.658863e-02 
5.836352e-02 
8.031062e-03 
-8.655910e-02 
-2.621514e-01 
-5.089864e-01 
-7.386177e-01 
1.487420e-01 
1.488100e-01 
1.488558e-01 
1.479996e-01 
1.456411e-01 
1.411006e-01 
1.329388e-01 
1.196202e-01 
9.841485e-02 
6.408359e-02 
1.011097e-02 
-7.860822e-02 
-2.269933e-01 
1.164293e-01 
1.186435e-01 
1.214681e-01 
1.237987e-01 
1.285610e-01 
1.300139e-01 
1.198229e-01 
5.805056e-02 
-1.608439e-01 
-4.198661e-01 
-5.935004e-01 
-6.876804e-01 
-7.371027e-01 
1.570373e-01 
1.590144e-01 
1.603440e-01 
1.634149e-01 
1.663455e-01 
1.679791e-01 
1.707510e-01 
1.668831e-01 
1.550335e-01 
1.043842e-01 
-4.975910e-02 
-3.123401e-01 
-5.663325e-01 
1.967206e-01 
1.971968e-01 
1.995661e-01 
2.017995e-01 
2.046325e-01 
2.078452e-01 
2.102941e-01 
2.124661e-01 
2.126188e-01 
2.079726e-01 
1.937329e-01 
1.504155e-01 
3.573870e-02 
1.483292e-01 
1.530061e-01 
1.588087e-01 
1.691026e-01 
1.853389e-01 
2.085669e-01 
2.357098e-01 
2.068807e-01 
-8.288156e-03 
-2.951769e-01 
-4.793818e-01 
-5.819921e-01 
-6.327234e-01 
1.974594e-01 
1.978970e-01 
2.031898e-01 
2.101586e-01 
2.203482e-01 
2.353497e-01 
2.551424e-01 
2.787882e-01 
3.048626e-01 
2.951875e-01 
1.646620e-01 
-1.166823e-01 
-3.910790e-01 
2.448726e-01 
2.465053e-01 
2.505946e-01 
2.557526e-01 
2.633280e-01 
2.738897e-01 
2.877257e-01 
3.076113e-01 
3.298389e-01 
3.528937e-01 
3.802122e-01 
3.773784e-01 
2.931180e-01 
1.799704e-01 
1.837314e-01 
1.932050e-01 
2.111681e-01 
2.398502e-01 
2.854576e-01 
3.467280e-01 
3.651762e-01 
1.501674e-01 
-1.611879e-01 
-3.612317e-01 
-4.672747e-01 
-5.241150e-01 
2.378425e-01 
2.440422e-01 
2.506526e-01 
2.624543e-01 
2.798427e-01 
3.048196e-01 
3.422042e-01 
3.906848e-01 
4.529864e-01 
4.839949e-01 
3.726215e-01 
8.130282e-02 
-2.207467e-01 
2.927966e-01 
2.948255e-01 
2.997937e-01 
3.089443e-01 
3.222328e-01 
3.403936e-01 
3.650223e-01 
3.977553e-01 
4.408749e-01 
4.958152e-01 
5.568789e-01 
5.928346e-01 
5.349828e-01 
1.002302e-01 
1.048035e-01 
1.044002e-01 
1.048398e-01 
9.967819e-02 
8.026969e-02 
3.528223e-02 
-7.926459e-02 
-3.126272e-01 
-5.634287e-01 
-7.282712e-01 
-8.179376e-01 
-8.614158e-01 
1.378310e-01 
1.395527e-01 
1.416391e-01 
1.437409e-01 
1.428041e-01 
1.371687e-01 
1.240619e-01 
9.838285e-02 
4.782333e-02 
-5.118666e-02 
-2.423823e-01 
-5.117527e-01 
-7.569692e-01 
1.777213e-01 
1.793996e-01 
1.807367e-01 
1.832517e-01 
1.839805e-01 
1.826953e-01 
1.773290e-01 
1.665679e-01 
1.469644e-01 
1.149925e-01 
6.039800e-02 
-3.216517e-02 
-1.928442e-01 
1.317284e-01 
1.336691e-01 
1.399635e-01 
1.470642e-01 
1.535911e-01 
1.570158e-01 
1.474528e-01 
7.752787e-02 
-1.592814e-01 
-4.348712e-01 
-6.145973e-01 
-7.086869e-01 
-7.535362e-01 
1.776947e-01 
1.804613e-01 
1.850062e-01 
1.912424e-01 
1.975436e-01 
2.039646e-01 
2.083354e-01 
2.085625e-01 
1.971321e-01 
1.416843e-01 
-3.042619e-02 
-3.107516e-01 
-5.915106e-01 
2.252887e-01 
2.265291e-01 
2.208806e-01 
2.362445e-01 
2.420977e-01 
2.481085e-01 
2.541714e-01 
2.587599e-01 
2.600879e-01 
2.597190e-01 
2.447546e-01 
1.962400e-01 
6.868579e-02 
1.641552e-01 
1.657347e-01 
1.756703e-01 
1.892537e-01 
2.066779e-01 
2.323885e-01 
2.605868e-01 
2.294792e-01 
-4.749098e-03 
-3.076528e-01 
-4.986252e-01 
-5.989573e-01 
-6.495573e-01 
2.184329e-01 
2.211137e-01 
2.293768e-01 
2.391077e-01 
2.525216e-01 
2.704946e-01 
2.910486e-01 
3.192767e-01 
3.445000e-01 
3.313300e-01 
1.840676e-01 
-1.155879e-01 
-4.094040e-01 
2.733276e-01 
2.760159e-01 
2.809924e-01 
2.896935e-01 
3.008694e-01 
3.143036e-01 
3.312292e-01 
3.514541e-01 
3.754685e-01 
4.031385e-01 
4.264913e-01 
4.195317e-01 
3.241182e-01 
1.961789e-01 
2.038992e-01 
2.177846e-01 
2.382906e-01 
2.698588e-01 
3.179130e-01 
3.810015e-01 
3.894132e-01 
1.547091e-01 
-1.738314e-01 
-3.770139e-01 
-4.838535e-01 
-5.358307e-01 
2.592640e-01 
2.631487e-01 
2.722096e-01 
2.866729e-01 
3.075083e-01 
3.357126e-01 
3.758290e-01 
4.293448e-01 
4.914443e-01 
5.175392e-01 
3.910487e-01 
7.904246e-02 
-2.386527e-01 
3.212270e-01 
3.241163e-01 
3.313899e-01 
3.431616e-01 
3.596105e-01 
3.807405e-01 
4.079396e-01 
4.435419e-01 
4.896361e-01 
5.457071e-01 
6.061285e-01 
6.382740e-01 
5.704190e-01 
1.165218e-01 
1.200313e-01 
1.249794e-01 
1.287020e-01 
1.257648e-01 
1.083963e-01 
6.263421e-02 
-5.582844e-02 
-3.153231e-01 
-5.841791e-01 
-7.505815e-01 
-8.358695e-01 
-8.748796e-01 
1.597337e-01 
1.629522e-01 
1.668563e-01 
1.721670e-01 
1.747307e-01 
1.723144e-01 
1.616968e-01 
1.377936e-01 
7.937748e-02 
-2.455817e-02 
-2.305763e-01 
-5.174378e-01 
-7.841033e-01 
2.053995e-01 
2.071361e-01 
2.113517e-01 
2.164101e-01 
2.204001e-01 
2.221392e-01 
2.199934e-01 
2.118635e-01 
1.945372e-01 
1.637298e-01 
9.956865e-02 
1.203315e-02 
-1.606263e-01 
1.476034e-01 
1.521409e-01 
1.610813e-01 
1.712706e-01 
1.799996e-01 
1.857056e-01 
1.761276e-01 
1.005241e-01 
-1.608063e-01 
-4.534210e-01 
-6.344617e-01 
-7.252326e-01 
-7.675126e-01 
1.995462e-01 
2.026581e-01 
2.100462e-01 
2.196885e-01 
2.291551e-01 
2.385546e-01 
2.451619e-01 
2.471273e-01 
2.351798e-01 
1.749255e-01 
-1.000628e-02 
-3.178722e-01 
-6.029932e-01 
2.528190e-01 
2.558588e-01 
2.618250e-01 
2.694920e-01 
2.783048e-01 
2.878067e-01 
2.968915e-01 
3.042386e-01 
3.092021e-01 
3.081989e-01 
2.880056e-01 
2.357843e-01 
1.016986e-01 
1.794789e-01 
1.853171e-01 
1.963723e-01 
2.136060e-01 
2.355018e-01 
2.629491e-01 
2.907752e-01 
2.545855e-01 
-1.841508e-03 
-3.229595e-01 
-5.184426e-01 
-6.145129e-01 
-6.632870e-01 
2.406907e-01 
2.436055e-01 
2.538275e-01 
2.675464e-01 
2.840523e-01 
3.044620e-01 
3.297392e-01 
3.583886e-01 
3.836235e-01 
3.647165e-01 
2.020336e-01 
-1.198851e-01 
-4.297761e-01 
3.007792e-01 
3.036399e-01 
3.112798e-01 
3.229079e-01 
3.371750e-01 
3.539028e-01 
3.736720e-01 
3.963671e-01 
4.231468e-01 
4.520321e-01 
4.751241e-01 
4.635740e-01 
3.571833e-01 
2.122393e-01 
2.179229e-01 
2.330644e-01 
2.575296e-01 
2.900764e-01 
3.402074e-01 
4.038548e-01 
4.067089e-01 
1.538781e-01 
-1.929039e-01 
-4.012339e-01 
-5.048536e-01 
-5.575990e-01 
2.809920e-01 
2.863525e-01 
2.976787e-01 
3.150791e-01 
3.390117e-01 
3.710033e-01 
4.132721e-01 
4.684102e-01 
5.303907e-01 
5.508481e-01 
4.095621e-01 
7.735971e-02 
-2.549164e-01 
3.490801e-01 
3.527652e-01 
3.623287e-01 
3.771741e-01 
3.964022e-01 
4.207511e-01 
4.510657e-01 
4.890846e-01 
5.370949e-01 
5.947885e-01 
6.543422e-01 
6.823121e-01 
6.040418e-01 
1.320405e-01 
1.338838e-01 
1.371142e-01 
1.504648e-01 
1.511840e-01 
1.358979e-01 
9.066052e-02 
-3.128436e-02 
-3.158406e-01 
-5.974900e-01 
-7.718288e-01 
-8.604315e-01 
-8.884995e-01 
1.815588e-01 
1.852808e-01 
1.925888e-01 
2.008197e-01 
2.065143e-01 
2.081025e-01 
1.994984e-01 
1.774512e-01 
1.264132e-01 
1.622684e-02 
-2.062368e-01 
-5.208688e-01 
-7.989941e-01 
2.328158e-01 
2.352386e-01 
2.423565e-01 
2.499269e-01 
2.571084e-01 
2.622581e-01 
2.629359e-01 
2.575121e-01 
2.426219e-01 
2.134833e-01 
1.579111e-01 
5.609387e-02 
-1.286575e-01 
1.636805e-01 
1.690058e-01 
1.806572e-01 
1.953605e-01 
2.057904e-01 
2.139352e-01 
2.022583e-01 
1.167605e-01 
-1.578467e-01 
-4.724516e-01 
-6.536117e-01 
-7.458047e-01 
-7.806998e-01 
2.213879e-01 
2.253502e-01 
2.354526e-01 
2.476973e-01 
2.608684e-01 
2.734252e-01 
2.832289e-01 
2.866447e-01 
2.744365e-01 
2.083116e-01 
9.166841e-03 
-3.200683e-01 
-6.245507e-01 
2.804539e-01 
2.835707e-01 
2.917686e-01 
3.027398e-01 
3.149025e-01 
3.273788e-01 
3.390031e-01 
3.493152e-01 
3.564153e-01 
3.565983e-01 
3.412298e-01 
2.833977e-01 
1.326148e-01 
1.955730e-01 
2.000368e-01 
2.166391e-01 
2.363278e-01 
2.608790e-01 
2.918091e-01 
3.184236e-01 
2.746297e-01 
-2.951819e-03 
-3.421262e-01 
-5.375930e-01 
-6.350785e-01 
-6.775629e-01 
2.618989e-01 
2.672991e-01 
2.791390e-01 
2.958379e-01 
3.159176e-01 
3.388539e-01 
3.666392e-01 
3.971283e-01 
4.224615e-01 
3.982345e-01 
2.211495e-01 
-1.228444e-01 
-4.490090e-01 
3.283261e-01 
3.320422e-01 
3.418792e-01 
3.563195e-01 
3.739931e-01 
3.937478e-01 
4.162323e-01 
4.416629e-01 
4.700825e-01 
5.007497e-01 
5.225358e-01 
5.060239e-01 
3.884308e-01 
2.273331e-01 
2.319068e-01 
2.530610e-01 
2.787886e-01 
3.151955e-01 
3.682843e-01 
4.313267e-01 
4.250807e-01 
1.520987e-01 
-2.121620e-01 
-4.231108e-01 
-5.232697e-01 
-5.720230e-01 
3.028304e-01 
3.081637e-01 
3.223139e-01 
3.439853e-01 
3.708484e-01 
4.050988e-01 
4.506353e-01 
5.051773e-01 
5.690704e-01 
5.833710e-01 
4.277527e-01 
7.382456e-02 
-2.753139e-01 
3.771843e-01 
3.817965e-01 
3.931937e-01 
4.108142e-01 
4.328938e-01 
4.606164e-01 
4.939337e-01 
5.347235e-01 
5.840661e-01 
6.430152e-01 
7.018027e-01 
7.247251e-01 
6.362294e-01 
