7.784074e-02 
7.988625e-02 
7.819363e-02 
7.511756e-02 
6.684973e-02 
4.511636e-02 
3.273150e-04 
-1.039907e-01 
-3.182941e-01 
-5.564133e-01 
-7.126780e-01 
-8.061942e-01 
-8.469125e-01 
1.076770e-01 
1.082453e-01 
1.085395e-01 
1.074283e-01 
1.034694e-01 
9.519253e-02 
7.896919e-02 
5.142572e-02 
1.757239e-03 
-9.217377e-02 
-2.671039e-01 
-5.132505e-01 
-7.421884e-01 
1.365974e-01 
1.367464e-01 
1.370058e-01 
1.365706e-01 
1.345663e-01 
1.292050e-01 
1.220483e-01 
1.097047e-01 
8.945076e-02 
5.608661e-02 
3.098086e-03 
-8.461421e-02 
-2.319670e-01 
1.129242e-01 
1.148736e-01 
1.176831e-01 
1.202429e-01 
1.249691e-01 
1.266794e-01 
1.166061e-01 
5.522281e-02 
-1.634904e-01 
-4.218896e-01 
-5.955864e-01 
-6.895025e-01 
-7.386127e-01 
1.522798e-01 
1.542341e-01 
1.557049e-01 
1.589573e-01 
1.622348e-01 
1.641262e-01 
1.672159e-01 
1.665524e-01 
1.546866e-01 
1.040329e-01 
-5.012149e-02 
-3.127252e-01 
-5.672147e-01 
1.923994e-01 
1.929477e-01 
1.954662e-01 
1.979463e-01 
2.010982e-01 
2.047069e-01 
2.076215e-01 
2.103216e-01 
2.110572e-01 
2.085655e-01 
1.943665e-01 
1.510592e-01 
3.636836e-02 
1.480229e-01 
1.502278e-01 
1.561648e-01 
1.664983e-01 
1.827831e-01 
2.060795e-01 
2.334002e-01 
2.100405e-01 
-5.119639e-03 
-2.920128e-01 
-4.762733e-01 
-5.788052e-01 
-6.295809e-01 
1.993148e-01 
2.007195e-01 
2.060765e-01 
2.130805e-01 
2.234374e-01 
2.386443e-01 
2.586525e-01 
2.825518e-01 
3.088955e-01 
2.995156e-01 
1.662223e-01 
-1.117028e-01 
-3.894994e-01 
2.511776e-01 
2.529252e-01 
2.569847e-01 
2.621445e-01 
2.690966e-01 
2.806386e-01 
2.945803e-01 
3.132511e-01 
3.354169e-01 
3.615415e-01 
3.857800e-01 
3.829489e-01 
2.986898e-01 
1.832041e-01 
1.867313e-01 
1.961956e-01 
2.142188e-01 
2.429226e-01 
2.876832e-01 
3.498861e-01 
3.674093e-01 
1.523996e-01 
-1.589582e-01 
-3.623893e-01 
-4.650367e-01 
-5.218764e-01 
2.457470e-01 
2.486019e-01 
2.552711e-01 
2.670844e-01 
2.845582e-01 
3.096035e-01 
3.470732e-01 
3.985257e-01 
4.608122e-01 
4.918242e-01 
3.780262e-01 
8.685655e-02 
-2.150117e-01 
3.083927e-01 
3.104567e-01 
3.156797e-01 
3.244593e-01 
3.379364e-01 
3.562372e-01 
3.810172e-01 
4.139278e-01 
4.572474e-01 
5.124109e-01 
5.737199e-01 
6.099435e-01 
5.523815e-01 
9.386588e-02 
9.848151e-02 
9.827510e-02 
9.894440e-02 
9.406086e-02 
7.496311e-02 
3.029812e-02 
-7.969106e-02 
-3.170327e-01 
-5.673370e-01 
-7.317965e-01 
-8.210722e-01 
-8.641735e-01 
1.266547e-01 
1.284896e-01 
1.308189e-01 
1.333062e-01 
1.328487e-01 
1.291146e-01 
1.160794e-01 
9.069402e-02 
4.057118e-02 
-5.790506e-02 
-2.484427e-01 
-5.172281e-01 
-7.617624e-01 
1.578817e-01 
1.597261e-01 
1.608212e-01 
1.634597e-01 
1.657347e-01 
1.650107e-01 
1.605035e-01 
1.507133e-01 
1.326158e-01 
1.014256e-01 
4.770909e-02 
-4.389264e-02 
-2.035546e-01 
1.282120e-01 
1.306781e-01 
1.371489e-01 
1.439280e-01 
1.509502e-01 
1.546745e-01 
1.453954e-01 
7.575483e-02 
-1.607742e-01 
-4.360803e-01 
-6.155159e-01 
-7.093339e-01 
-7.538812e-01 
1.719089e-01 
1.747399e-01 
1.794045e-01 
1.860705e-01 
1.930563e-01 
1.996341e-01 
2.043715e-01 
2.050331e-01 
1.940718e-01 
1.391187e-01 
-2.986268e-02 
-3.122728e-01 
-5.924863e-01 
2.162661e-01 
2.175761e-01 
2.221151e-01 
2.285628e-01 
2.356510e-01 
2.409799e-01 
2.475654e-01 
2.528704e-01 
2.549096e-01 
2.552955e-01 
2.411197e-01 
1.934263e-01 
6.672062e-02 
1.636062e-01 
1.670464e-01 
1.770537e-01 
1.908850e-01 
2.084004e-01 
2.340308e-01 
2.624840e-01 
2.315453e-01 
-2.487313e-03 
-3.052252e-01 
-4.960227e-01 
-5.961807e-01 
-6.466203e-01 
2.187119e-01 
2.222972e-01 
2.306960e-01 
2.399970e-01 
2.541674e-01 
2.719970e-01 
2.940739e-01 
3.212049e-01 
3.467294e-01 
3.338864e-01 
1.869696e-01 
-1.123266e-01 
-4.057685e-01 
2.759235e-01 
2.787885e-01 
2.839808e-01 
2.930268e-01 
3.045562e-01 
3.184038e-01 
3.341710e-01 
3.553331e-01 
3.801659e-01 
4.085817e-01 
4.326362e-01 
4.263564e-01 
3.316126e-01 
1.988983e-01 
2.015518e-01 
2.155556e-01 
2.359684e-01 
2.676669e-01 
3.158190e-01 
3.789987e-01 
3.874994e-01 
1.528767e-01 
-1.755672e-01 
-3.786323e-01 
-4.853777e-01 
-5.372449e-01 
2.658599e-01 
2.702872e-01 
2.794625e-01 
2.941001e-01 
3.152092e-01 
3.450228e-01 
3.847905e-01 
4.381630e-01 
5.002511e-01 
5.264201e-01 
4.000559e-01 
8.821486e-02 
-2.292867e-01 
3.335253e-01 
3.364689e-01 
3.439102e-01 
3.559052e-01 
3.726097e-01 
3.940178e-01 
4.215132e-01 
4.574345e-01 
5.038679e-01 
5.603041e-01 
6.211128e-01 
6.536676e-01 
5.862390e-01 
1.101675e-01 
1.137714e-01 
1.189698e-01 
1.229840e-01 
1.203689e-01 
1.033424e-01 
5.793415e-02 
-6.016378e-02 
-3.192889e-01 
-5.877638e-01 
-7.537733e-01 
-8.360948e-01 
-8.771888e-01 
1.473554e-01 
1.507046e-01 
1.549592e-01 
1.607734e-01 
1.639038e-01 
1.620332e-01 
1.514427e-01 
1.283813e-01 
7.833038e-02 
-2.563855e-02 
-2.317022e-01 
-5.235819e-01 
-7.853274e-01 
1.871798e-01 
1.891951e-01 
1.938852e-01 
1.995930e-01 
2.043648e-01 
2.069796e-01 
2.057780e-01 
1.986486e-01 
1.823708e-01 
1.526492e-01 
9.938363e-02 
3.230129e-03 
-1.682462e-01 
1.428684e-01 
1.474396e-01 
1.566185e-01 
1.670181e-01 
1.760451e-01 
1.820474e-01 
1.727717e-01 
9.747245e-02 
-1.612088e-01 
-4.558566e-01 
-6.365835e-01 
-7.270367e-01 
-7.689881e-01 
1.911843e-01 
1.944333e-01 
2.021011e-01 
2.121231e-01 
2.220319e-01 
2.330988e-01 
2.415738e-01 
2.414880e-01 
2.300726e-01 
1.703887e-01 
-1.401952e-02 
-3.211558e-01 
-6.058679e-01 
2.417620e-01 
2.450290e-01 
2.512564e-01 
2.584465e-01 
2.690779e-01 
2.803352e-01 
2.898056e-01 
2.977392e-01 
3.034102e-01 
3.032460e-01 
2.893799e-01 
2.369533e-01 
9.931436e-02 
1.785877e-01 
1.846181e-01 
1.958266e-01 
2.132354e-01 
2.353298e-01 
2.629781e-01 
2.910045e-01 
2.550128e-01 
-1.276331e-03 
-3.221340e-01 
-5.174043e-01 
-6.134846e-01 
-6.617961e-01 
2.397788e-01 
2.427998e-01 
2.532709e-01 
2.673173e-01 
2.841778e-01 
3.049584e-01 
3.306159e-01 
3.596511e-01 
3.852788e-01 
3.667709e-01 
2.044923e-01 
-1.171591e-01 
-4.264899e-01 
2.998929e-01 
3.028425e-01 
3.106599e-01 
3.228690e-01 
3.377189e-01 
3.550549e-01 
3.754524e-01 
3.987915e-01 
4.262264e-01 
4.557798e-01 
4.795533e-01 
4.686977e-01 
3.630135e-01 
2.145494e-01 
2.203357e-01 
2.355664e-01 
2.601722e-01 
2.928495e-01 
3.431062e-01 
4.068725e-01 
4.097869e-01 
1.560222e-01 
-1.908022e-01 
-3.977747e-01 
-5.012775e-01 
-5.539074e-01 
2.864248e-01 
2.919676e-01 
3.035017e-01 
3.211591e-01 
3.453572e-01 
3.776129e-01 
4.201379e-01 
4.755270e-01 
5.377568e-01 
5.584615e-01 
4.174243e-01 
8.547187e-02 
-2.465503e-01 
3.590544e-01 
3.628646e-01 
3.727442e-01 
3.880019e-01 
4.076463e-01 
4.324230e-01 
4.631694e-01 
5.016249e-01 
5.500711e-01 
6.082039e-01 
6.682004e-01 
6.966203e-01 
6.188022e-01 
1.241178e-01 
1.260180e-01 
1.373458e-01 
1.433294e-01 
1.444512e-01 
1.295348e-01 
8.470059e-02 
-3.683701e-02 
-3.209832e-01 
-6.022201e-01 
-7.761435e-01 
-8.610797e-01 
-8.919746e-01 
1.693006e-01 
1.732342e-01 
1.810118e-01 
1.898067e-01 
1.961463e-01 
1.984206e-01 
1.905365e-01 
1.692290e-01 
1.189470e-01 
9.530169e-03 
-2.121505e-01 
-5.259889e-01 
-8.033100e-01 
2.113944e-01 
2.140645e-01 
2.217530e-01 
2.301222e-01 
2.382562e-01 
2.444455e-01 
2.462218e-01 
2.419383e-01 
2.282201e-01 
2.002851e-01 
1.459391e-01 
4.536975e-02 
-1.381120e-01 
1.587619e-01 
1.641751e-01 
1.760728e-01 
1.911521e-01 
2.018807e-01 
2.103407e-01 
1.989802e-01 
1.137982e-01 
-1.604920e-01 
-4.747776e-01 
-6.556147e-01 
-7.474922e-01 
-7.820472e-01 
2.139520e-01 
2.181080e-01 
2.285781e-01 
2.413320e-01 
2.550641e-01 
2.682086e-01 
2.786105e-01 
2.826298e-01 
2.710298e-01 
2.055190e-01 
6.993973e-03 
-3.216143e-01 
-6.255016e-01 
2.679403e-01 
2.712608e-01 
2.799992e-01 
2.916839e-01 
3.046814e-01 
3.180544e-01 
3.306098e-01 
3.418776e-01 
3.499481e-01 
3.511165e-01 
3.367460e-01 
2.799245e-01 
1.301640e-01 
1.939168e-01 
1.986202e-01 
2.154130e-01 
2.353465e-01 
2.601453e-01 
2.913208e-01 
3.181721e-01 
2.746029e-01 
-2.745631e-03 
-3.416955e-01 
-5.369381e-01 
-6.341980e-01 
-6.764607e-01 
2.601383e-01 
2.656614e-01 
2.778761e-01 
2.949465e-01 
3.156822e-01 
3.390043e-01 
3.672443e-01 
3.981905e-01 
4.239800e-01 
4.002081e-01 
2.235798e-01 
-1.199542e-01 
-4.456548e-01 
3.255305e-01 
3.294233e-01 
3.396436e-01 
3.545075e-01 
3.732541e-01 
3.937138e-01 
4.169592e-01 
4.431572e-01 
4.723516e-01 
5.037960e-01 
5.263691e-01 
5.106364e-01 
3.938347e-01 
2.289814e-01 
2.336722e-01 
2.550044e-01 
2.809172e-01 
3.175088e-01 
3.707654e-01 
4.339600e-01 
4.278549e-01 
1.550070e-01 
-2.091233e-01 
-4.199424e-01 
-5.199700e-01 
-5.685883e-01 
3.072719e-01 
3.127546e-01 
3.272103e-01 
3.492526e-01 
3.764798e-01 
4.116927e-01 
4.569936e-01 
5.118722e-01 
5.760891e-01 
5.907018e-01 
4.353886e-01 
8.175926e-02 
-2.670859e-01 
3.865283e-01 
3.914266e-01 
4.032453e-01 
4.214039e-01 
4.440772e-01 
4.724015e-01 
5.063117e-01 
5.476807e-01 
5.975900e-01 
6.570929e-01 
7.164284e-01 
7.398928e-01 
6.519370e-01 
