0.000000e+00 
2.567495e+01 
2.655418e+01 
3.060237e+01 
3.747831e+01 
4.889448e+01 
6.660392e+01 
8.854552e+01 
1.001795e+02 
9.207430e+01 
7.676607e+01 
6.262440e+01 
5.108450e+01 
0.000000e+00 
1.805582e+01 
1.901897e+01 
2.043944e+01 
2.270723e+01 
2.593559e+01 
3.132647e+01 
3.892308e+01 
4.923460e+01 
6.146451e+01 
7.143758e+01 
7.339350e+01 
6.774252e+01 
0.000000e+00 
1.473698e+01 
1.496264e+01 
1.547914e+01 
1.650741e+01 
1.744875e+01 
1.985491e+01 
2.287783e+01 
2.686577e+01 
3.209331e+01 
3.874640e+01 
4.639629e+01 
5.348717e+01 
0.000000e+00 
2.269782e+01 
2.670477e+01 
3.067722e+01 
3.742980e+01 
4.885053e+01 
6.657086e+01 
8.823871e+01 
9.965741e+01 
9.155605e+01 
7.630085e+01 
6.220196e+01 
5.073750e+01 
0.000000e+00 
1.600961e+01 
1.886253e+01 
2.047385e+01 
2.288608e+01 
2.637770e+01 
3.158577e+01 
3.907625e+01 
4.930024e+01 
6.134338e+01 
7.100679e+01 
7.278616e+01 
6.718475e+01 
0.000000e+00 
1.495693e+01 
1.485578e+01 
1.548507e+01 
1.654112e+01 
1.807081e+01 
2.019156e+01 
2.308286e+01 
2.699051e+01 
3.216962e+01 
3.874280e+01 
4.619200e+01 
5.301224e+01 
0.000000e+00 
2.292218e+01 
2.711004e+01 
3.087966e+01 
3.769106e+01 
4.905293e+01 
6.668795e+01 
8.796364e+01 
9.916128e+01 
9.113593e+01 
7.602045e+01 
6.198011e+01 
5.050998e+01 
0.000000e+00 
1.772581e+01 
1.920935e+01 
2.061187e+01 
2.301802e+01 
2.657721e+01 
3.182298e+01 
3.935513e+01 
4.956468e+01 
6.141289e+01 
7.066684e+01 
7.230506e+01 
6.671528e+01 
0.000000e+00 
1.450174e+01 
1.508752e+01 
1.574210e+01 
1.602398e+01 
1.813035e+01 
2.028833e+01 
2.336994e+01 
2.729364e+01 
3.248291e+01 
3.899104e+01 
4.621036e+01 
5.274982e+01 
0.000000e+00 
2.099564e+01 
2.730716e+01 
3.109704e+01 
3.790220e+01 
4.940963e+01 
6.703874e+01 
8.818997e+01 
9.885651e+01 
9.077583e+01 
7.576361e+01 
6.173846e+01 
5.038919e+01 
0.000000e+00 
1.934376e+01 
1.946488e+01 
2.106019e+01 
2.340880e+01 
2.700224e+01 
3.228816e+01 
3.986439e+01 
5.006495e+01 
6.169727e+01 
7.050463e+01 
7.185504e+01 
6.637365e+01 
0.000000e+00 
1.559803e+01 
1.596279e+01 
1.586661e+01 
1.710427e+01 
1.868969e+01 
2.087160e+01 
2.384609e+01 
2.783586e+01 
3.307521e+01 
3.957381e+01 
4.669068e+01 
5.275344e+01 
0.000000e+00 
2.447191e+01 
2.662208e+01 
3.060700e+01 
3.747801e+01 
4.888979e+01 
6.658227e+01 
8.848333e+01 
1.002378e+02 
9.213371e+01 
7.691412e+01 
6.282804e+01 
5.134358e+01 
0.000000e+00 
1.783510e+01 
1.880692e+01 
2.037306e+01 
2.270529e+01 
2.676922e+01 
3.161655e+01 
3.893118e+01 
4.908703e+01 
6.122439e+01 
7.119369e+01 
7.326638e+01 
6.779364e+01 
0.000000e+00 
1.440482e+01 
1.343918e+01 
1.447933e+01 
1.653343e+01 
1.798888e+01 
2.012273e+01 
2.304126e+01 
2.704238e+01 
3.219964e+01 
3.879722e+01 
4.647086e+01 
5.352733e+01 
0.000000e+00 
2.149961e+01 
2.672816e+01 
3.019557e+01 
3.742662e+01 
4.885326e+01 
6.659520e+01 
8.832901e+01 
9.968125e+01 
9.165724e+01 
7.652983e+01 
6.251517e+01 
5.094840e+01 
0.000000e+00 
1.698040e+01 
2.080288e+01 
2.048405e+01 
2.298970e+01 
2.631681e+01 
3.144837e+01 
3.887024e+01 
4.899317e+01 
6.097032e+01 
7.063257e+01 
7.256916e+01 
6.714612e+01 
0.000000e+00 
1.352770e+01 
1.684543e+01 
1.611138e+01 
1.737542e+01 
1.808028e+01 
2.015621e+01 
2.304689e+01 
2.697278e+01 
3.209966e+01 
3.864717e+01 
4.609956e+01 
5.290717e+01 
0.000000e+00 
2.151361e+01 
2.691080e+01 
3.103108e+01 
3.776419e+01 
4.902908e+01 
6.671553e+01 
8.817659e+01 
9.916739e+01 
9.124909e+01 
7.569625e+01 
6.213403e+01 
5.071800e+01 
0.000000e+00 
3.172304e+01 
2.138844e+01 
2.084654e+01 
2.342828e+01 
2.661981e+01 
3.172302e+01 
3.916814e+01 
4.920893e+01 
6.096618e+01 
7.020940e+01 
7.196330e+01 
6.656174e+01 
0.000000e+00 
1.466115e+01 
1.485618e+01 
1.573818e+01 
1.678007e+01 
1.830479e+01 
1.996908e+01 
2.307428e+01 
2.708975e+01 
3.229988e+01 
3.881138e+01 
4.607824e+01 
5.251880e+01 
0.000000e+00 
2.111519e+01 
2.744778e+01 
3.103903e+01 
3.797477e+01 
4.938537e+01 
6.702901e+01 
8.815466e+01 
9.880442e+01 
9.094210e+01 
7.593957e+01 
6.193597e+01 
5.055174e+01 
0.000000e+00 
1.863175e+01 
1.952822e+01 
2.098762e+01 
2.342336e+01 
2.754989e+01 
3.241578e+01 
3.975919e+01 
4.978006e+01 
6.125546e+01 
7.000213e+01 
7.149620e+01 
6.623612e+01 
0.000000e+00 
1.473864e+01 
1.538417e+01 
1.611808e+01 
1.719347e+01 
1.872735e+01 
2.087747e+01 
2.381522e+01 
2.777353e+01 
3.296271e+01 
3.941366e+01 
4.646867e+01 
5.248146e+01 
0.000000e+00 
2.277176e+01 
2.660431e+01 
3.059792e+01 
3.749749e+01 
4.887583e+01 
6.663295e+01 
8.855913e+01 
1.003019e+02 
9.247494e+01 
7.715722e+01 
6.292454e+01 
5.146249e+01 
0.000000e+00 
1.433516e+01 
1.875011e+01 
2.035600e+01 
2.265673e+01 
2.614339e+01 
3.115751e+01 
3.872123e+01 
4.901627e+01 
6.127810e+01 
7.130287e+01 
7.352637e+01 
6.814081e+01 
0.000000e+00 
1.359727e+01 
1.453935e+01 
1.535069e+01 
1.642205e+01 
1.796639e+01 
2.010167e+01 
2.300468e+01 
2.693017e+01 
3.211593e+01 
3.872534e+01 
4.635703e+01 
5.349777e+01 
0.000000e+00 
1.974262e+01 
2.676363e+01 
3.064559e+01 
3.751462e+01 
4.892053e+01 
6.639378e+01 
8.798446e+01 
9.964490e+01 
9.186160e+01 
7.666526e+01 
6.263392e+01 
5.106716e+01 
0.000000e+00 
1.592410e+01 
1.887020e+01 
2.041749e+01 
2.272892e+01 
2.669565e+01 
3.209141e+01 
3.884907e+01 
4.902022e+01 
6.097277e+01 
7.067584e+01 
7.275608e+01 
6.743507e+01 
0.000000e+00 
1.458446e+01 
1.457538e+01 
1.543666e+01 
1.654356e+01 
1.846959e+01 
2.034002e+01 
2.312996e+01 
2.697942e+01 
3.210935e+01 
3.860834e+01 
4.603193e+01 
5.283709e+01 
0.000000e+00 
2.048725e+01 
2.693543e+01 
3.082350e+01 
3.770882e+01 
4.902505e+01 
6.651090e+01 
8.777633e+01 
9.911776e+01 
9.132657e+01 
7.635148e+01 
6.230885e+01 
5.082505e+01 
0.000000e+00 
1.820290e+01 
1.928188e+01 
2.064857e+01 
2.295558e+01 
2.649207e+01 
3.164373e+01 
3.908616e+01 
4.919719e+01 
6.095152e+01 
7.021304e+01 
7.210033e+01 
6.684268e+01 
0.000000e+00 
1.456845e+01 
1.429169e+01 
1.559116e+01 
1.673367e+01 
1.827956e+01 
2.040459e+01 
2.329784e+01 
2.719365e+01 
3.233653e+01 
3.877443e+01 
4.598015e+01 
5.239923e+01 
0.000000e+00 
2.176666e+01 
2.721743e+01 
3.113736e+01 
3.803484e+01 
4.933583e+01 
6.684917e+01 
8.788250e+01 
9.858458e+01 
9.099317e+01 
7.603195e+01 
6.205670e+01 
5.068002e+01 
0.000000e+00 
1.886838e+01 
1.960999e+01 
2.097785e+01 
2.332032e+01 
2.687675e+01 
3.208545e+01 
3.959988e+01 
4.961197e+01 
6.109391e+01 
6.987399e+01 
7.147254e+01 
6.634832e+01 
0.000000e+00 
1.549308e+01 
1.558445e+01 
1.620693e+01 
1.720788e+01 
1.873416e+01 
2.087177e+01 
2.378667e+01 
2.771620e+01 
3.286766e+01 
3.926199e+01 
4.624476e+01 
5.221612e+01 
0.000000e+00 
2.099542e+01 
2.659714e+01 
3.061458e+01 
3.754569e+01 
4.895663e+01 
6.650863e+01 
8.834036e+01 
1.005616e+02 
9.245848e+01 
7.749764e+01 
6.324296e+01 
5.156365e+01 
0.000000e+00 
1.623350e+01 
1.882817e+01 
2.031869e+01 
2.258966e+01 
2.609320e+01 
3.130443e+01 
3.880485e+01 
4.912077e+01 
6.136359e+01 
7.142345e+01 
7.370037e+01 
6.842274e+01 
0.000000e+00 
1.395817e+01 
1.455094e+01 
1.528941e+01 
1.638907e+01 
1.792605e+01 
2.007112e+01 
2.298815e+01 
2.692488e+01 
3.212060e+01 
3.875040e+01 
4.636219e+01 
5.355415e+01 
0.000000e+00 
2.015703e+01 
2.660269e+01 
3.071126e+01 
3.756600e+01 
4.899317e+01 
6.693634e+01 
8.878167e+01 
9.975860e+01 
9.235203e+01 
7.687688e+01 
6.291573e+01 
5.108068e+01 
0.000000e+00 
1.635287e+01 
1.892236e+01 
2.037941e+01 
2.267372e+01 
2.619100e+01 
3.137062e+01 
3.884880e+01 
4.899196e+01 
6.101105e+01 
7.067886e+01 
7.291397e+01 
6.772473e+01 
0.000000e+00 
1.537799e+01 
1.473921e+01 
1.543832e+01 
1.647145e+01 
1.801879e+01 
2.018169e+01 
2.303462e+01 
2.693151e+01 
3.209406e+01 
3.862224e+01 
4.604767e+01 
5.285863e+01 
0.000000e+00 
2.034457e+01 
2.692787e+01 
3.087811e+01 
3.772199e+01 
4.903260e+01 
6.664631e+01 
8.791338e+01 
9.922461e+01 
9.177931e+01 
7.652251e+01 
6.254654e+01 
5.094180e+01 
0.000000e+00 
1.853460e+01 
1.929586e+01 
2.053013e+01 
2.299683e+01 
2.645647e+01 
3.165081e+01 
3.910693e+01 
4.917185e+01 
6.088289e+01 
7.019975e+01 
7.224889e+01 
6.707259e+01 
0.000000e+00 
1.452491e+01 
1.484301e+01 
1.537761e+01 
1.678874e+01 
1.828606e+01 
2.041305e+01 
2.331519e+01 
2.720935e+01 
3.234338e+01 
3.877239e+01 
4.596744e+01 
5.234591e+01 
0.000000e+00 
2.563330e+01 
2.727532e+01 
3.108746e+01 
3.805285e+01 
4.941697e+01 
6.692283e+01 
8.789789e+01 
9.877484e+01 
9.126882e+01 
7.624651e+01 
6.220882e+01 
5.081552e+01 
0.000000e+00 
1.958999e+01 
1.946274e+01 
2.095585e+01 
2.329949e+01 
2.686432e+01 
3.211620e+01 
3.988889e+01 
4.972857e+01 
6.118235e+01 
6.996491e+01 
7.159823e+01 
6.656700e+01 
0.000000e+00 
1.551246e+01 
1.554723e+01 
1.617479e+01 
1.719648e+01 
1.872414e+01 
2.086471e+01 
2.378696e+01 
2.771108e+01 
3.288388e+01 
3.921528e+01 
4.612156e+01 
5.205101e+01 
