0.000000e+00 
2.587501e+01 
2.661770e+01 
3.064039e+01 
3.750657e+01 
4.891653e+01 
6.662909e+01 
8.857098e+01 
1.002020e+02 
9.213263e+01 
7.678178e+01 
6.263726e+01 
5.110472e+01 
0.000000e+00 
1.807631e+01 
1.903957e+01 
2.046567e+01 
2.273473e+01 
2.595925e+01 
3.135020e+01 
3.894690e+01 
4.925852e+01 
6.148841e+01 
7.146191e+01 
7.341746e+01 
6.776629e+01 
0.000000e+00 
1.473371e+01 
1.499503e+01 
1.554237e+01 
1.648903e+01 
1.748239e+01 
1.988903e+01 
2.291239e+01 
2.689750e+01 
3.212627e+01 
3.878021e+01 
4.643063e+01 
5.352213e+01 
0.000000e+00 
2.315475e+01 
2.683633e+01 
3.075684e+01 
3.748668e+01 
4.888748e+01 
6.659744e+01 
8.826097e+01 
9.967864e+01 
9.189010e+01 
7.633863e+01 
6.221599e+01 
5.075753e+01 
0.000000e+00 
1.602942e+01 
1.888724e+01 
2.049971e+01 
2.291228e+01 
2.640390e+01 
3.161200e+01 
3.910253e+01 
4.932656e+01 
6.137330e+01 
7.103734e+01 
7.281233e+01 
6.721074e+01 
0.000000e+00 
1.499375e+01 
1.489291e+01 
1.552206e+01 
1.657772e+01 
1.810759e+01 
2.022854e+01 
2.312013e+01 
2.702762e+01 
3.219171e+01 
3.876705e+01 
4.623088e+01 
5.302639e+01 
0.000000e+00 
2.301007e+01 
2.722486e+01 
3.093890e+01 
3.773046e+01 
4.906592e+01 
6.671643e+01 
8.799503e+01 
9.919970e+01 
9.116797e+01 
7.596984e+01 
6.197495e+01 
5.052377e+01 
0.000000e+00 
1.775002e+01 
1.924240e+01 
2.063924e+01 
2.304527e+01 
2.660507e+01 
3.185032e+01 
3.938799e+01 
4.959229e+01 
6.144059e+01 
7.069442e+01 
7.233214e+01 
6.674215e+01 
0.000000e+00 
1.422228e+01 
1.473465e+01 
1.540200e+01 
1.608874e+01 
1.817187e+01 
2.030773e+01 
2.340914e+01 
2.733459e+01 
3.252486e+01 
3.903280e+01 
4.625142e+01 
5.279076e+01 
0.000000e+00 
2.137466e+01 
2.710277e+01 
3.115287e+01 
3.792993e+01 
4.944720e+01 
6.707734e+01 
8.820379e+01 
9.889134e+01 
9.079262e+01 
7.378071e+01 
6.175701e+01 
5.040674e+01 
0.000000e+00 
1.950432e+01 
1.952558e+01 
2.109463e+01 
2.344801e+01 
2.703836e+01 
3.232265e+01 
3.989799e+01 
5.009771e+01 
6.172941e+01 
7.054657e+01 
7.188636e+01 
6.640443e+01 
0.000000e+00 
1.566392e+01 
1.604680e+01 
1.592051e+01 
1.715057e+01 
1.873606e+01 
2.091819e+01 
2.389301e+01 
2.788304e+01 
3.312331e+01 
3.962270e+01 
4.673935e+01 
5.279859e+01 
0.000000e+00 
2.444830e+01 
2.662791e+01 
3.061847e+01 
3.749391e+01 
4.890132e+01 
6.658846e+01 
8.848205e+01 
1.002392e+02 
9.214304e+01 
7.692813e+01 
6.284178e+01 
5.135618e+01 
0.000000e+00 
1.782486e+01 
1.882389e+01 
2.039601e+01 
2.273491e+01 
2.679700e+01 
3.164386e+01 
3.895854e+01 
4.911442e+01 
6.125179e+01 
7.125065e+01 
7.329382e+01 
6.782097e+01 
0.000000e+00 
1.440725e+01 
1.347479e+01 
1.450495e+01 
1.656394e+01 
1.798906e+01 
2.016292e+01 
2.308842e+01 
2.708207e+01 
3.224056e+01 
3.883817e+01 
4.651266e+01 
5.357173e+01 
0.000000e+00 
2.146233e+01 
2.673338e+01 
3.020888e+01 
3.743976e+01 
4.886670e+01 
6.660872e+01 
8.834033e+01 
9.969324e+01 
9.166990e+01 
7.654515e+01 
6.252750e+01 
5.096188e+01 
0.000000e+00 
1.570701e+01 
1.861847e+01 
2.049843e+01 
2.301401e+01 
2.634296e+01 
3.147496e+01 
3.889680e+01 
4.901994e+01 
6.099691e+01 
7.065898e+01 
7.259548e+01 
6.717240e+01 
0.000000e+00 
1.321977e+01 
1.435386e+01 
1.612550e+01 
1.738522e+01 
1.811608e+01 
2.019284e+01 
2.308622e+01 
2.701259e+01 
3.213985e+01 
3.868741e+01 
4.614011e+01 
5.294782e+01 
0.000000e+00 
2.161852e+01 
2.695267e+01 
3.105738e+01 
3.778686e+01 
4.903906e+01 
6.672869e+01 
8.818685e+01 
9.917992e+01 
9.126052e+01 
7.619561e+01 
6.214549e+01 
5.072745e+01 
0.000000e+00 
2.489857e+01 
2.140102e+01 
2.089883e+01 
2.345271e+01 
2.664724e+01 
3.175638e+01 
3.919632e+01 
4.923710e+01 
6.099430e+01 
7.023741e+01 
7.199111e+01 
6.658931e+01 
0.000000e+00 
1.470997e+01 
1.489896e+01 
1.578264e+01 
1.682269e+01 
1.834448e+01 
2.000826e+01 
2.311377e+01 
2.712957e+01 
3.233999e+01 
3.885171e+01 
4.611870e+01 
5.255811e+01 
0.000000e+00 
2.124977e+01 
2.748630e+01 
3.106770e+01 
3.799762e+01 
4.940521e+01 
6.704710e+01 
8.816962e+01 
9.882440e+01 
9.095748e+01 
7.596181e+01 
6.194959e+01 
5.056652e+01 
0.000000e+00 
1.866607e+01 
1.956048e+01 
2.101918e+01 
2.345832e+01 
2.758288e+01 
3.244847e+01 
3.979177e+01 
4.981257e+01 
6.128785e+01 
7.003420e+01 
7.152819e+01 
6.626776e+01 
0.000000e+00 
1.479526e+01 
1.543420e+01 
1.616671e+01 
1.724083e+01 
1.877475e+01 
2.092506e+01 
2.386307e+01 
2.782166e+01 
3.301131e+01 
3.946220e+01 
4.651799e+01 
5.253050e+01 
0.000000e+00 
2.272289e+01 
2.660731e+01 
3.060689e+01 
3.751254e+01 
4.889041e+01 
6.664673e+01 
8.857281e+01 
1.003148e+02 
9.248826e+01 
7.717058e+01 
6.293694e+01 
5.147570e+01 
0.000000e+00 
1.429737e+01 
1.875792e+01 
2.037655e+01 
2.269573e+01 
2.616901e+01 
3.118226e+01 
3.874591e+01 
4.904099e+01 
6.130594e+01 
7.133047e+01 
7.360517e+01 
6.816527e+01 
0.000000e+00 
1.354753e+01 
1.455373e+01 
1.537829e+01 
1.645862e+01 
1.800312e+01 
2.013869e+01 
2.304204e+01 
2.696789e+01 
3.215400e+01 
3.876369e+01 
4.639560e+01 
5.353646e+01 
0.000000e+00 
1.974470e+01 
2.677971e+01 
3.065949e+01 
3.753036e+01 
4.893585e+01 
6.640859e+01 
8.799878e+01 
9.965900e+01 
9.187552e+01 
7.667946e+01 
6.264510e+01 
5.108086e+01 
0.000000e+00 
1.591296e+01 
1.888911e+01 
2.044101e+01 
2.275621e+01 
2.673364e+01 
3.214056e+01 
3.887612e+01 
4.904864e+01 
6.100138e+01 
7.070314e+01 
7.283554e+01 
6.746206e+01 
0.000000e+00 
1.543756e+01 
1.463983e+01 
1.426856e+01 
1.658700e+01 
1.850765e+01 
2.038027e+01 
2.317057e+01 
2.702051e+01 
3.216439e+01 
3.865048e+01 
4.607262e+01 
5.287846e+01 
0.000000e+00 
2.049733e+01 
2.695293e+01 
3.083921e+01 
3.772482e+01 
4.904055e+01 
6.652615e+01 
8.779122e+01 
9.909916e+01 
9.133624e+01 
7.636513e+01 
6.232261e+01 
5.083858e+01 
0.000000e+00 
1.821751e+01 
1.930712e+01 
2.067526e+01 
2.298368e+01 
2.652008e+01 
3.167178e+01 
3.911410e+01 
4.922508e+01 
6.097616e+01 
7.023778e+01 
7.208013e+01 
6.686996e+01 
0.000000e+00 
1.462732e+01 
1.435431e+01 
1.563370e+01 
1.677592e+01 
1.832199e+01 
2.044732e+01 
2.334093e+01 
2.723708e+01 
3.238024e+01 
3.881831e+01 
4.602406e+01 
5.244293e+01 
0.000000e+00 
2.179142e+01 
2.723421e+01 
3.115106e+01 
3.805275e+01 
4.935387e+01 
6.686620e+01 
8.790174e+01 
9.860117e+01 
9.100364e+01 
7.604654e+01 
6.207152e+01 
5.069376e+01 
0.000000e+00 
1.889636e+01 
1.963997e+01 
2.100859e+01 
2.335106e+01 
2.690734e+01 
3.211595e+01 
3.963029e+01 
4.964229e+01 
6.112411e+01 
6.990404e+01 
7.150236e+01 
6.637784e+01 
0.000000e+00 
1.555371e+01 
1.563724e+01 
1.625591e+01 
1.725556e+01 
1.878197e+01 
2.091983e+01 
2.383502e+01 
2.776482e+01 
3.291645e+01 
3.931047e+01 
4.629363e+01 
5.226481e+01 
0.000000e+00 
2.095482e+01 
2.659678e+01 
3.062789e+01 
3.756211e+01 
4.897297e+01 
6.657553e+01 
8.837002e+01 
1.005764e+02 
9.247308e+01 
7.751194e+01 
6.325731e+01 
5.157822e+01 
0.000000e+00 
1.621146e+01 
1.883736e+01 
2.033888e+01 
2.261562e+01 
2.611914e+01 
3.133040e+01 
3.883088e+01 
4.914685e+01 
6.138962e+01 
7.144993e+01 
7.372638e+01 
6.844861e+01 
0.000000e+00 
1.383669e+01 
1.454807e+01 
1.531003e+01 
1.642665e+01 
1.796380e+01 
2.010916e+01 
2.302653e+01 
2.696359e+01 
3.215960e+01 
3.878963e+01 
4.640149e+01 
5.359314e+01 
0.000000e+00 
2.018335e+01 
2.661518e+01 
3.072967e+01 
3.758212e+01 
4.900890e+01 
6.694973e+01 
8.879519e+01 
9.977468e+01 
9.236661e+01 
7.689349e+01 
6.292931e+01 
5.109557e+01 
0.000000e+00 
1.631000e+01 
1.893184e+01 
2.039876e+01 
2.270059e+01 
2.621782e+01 
3.139743e+01 
3.887563e+01 
4.901879e+01 
6.103786e+01 
7.073006e+01 
7.296426e+01 
6.775638e+01 
0.000000e+00 
1.536608e+01 
1.476509e+01 
1.547249e+01 
1.651062e+01 
1.805825e+01 
2.022174e+01 
2.307590e+01 
2.697498e+01 
3.214137e+01 
3.866304e+01 
4.608865e+01 
5.289965e+01 
0.000000e+00 
2.034989e+01 
2.694362e+01 
3.089572e+01 
3.773854e+01 
4.904863e+01 
6.666092e+01 
8.792362e+01 
9.923937e+01 
9.179384e+01 
7.653678e+01 
6.256095e+01 
5.095600e+01 
0.000000e+00 
1.853471e+01 
1.931481e+01 
2.055392e+01 
2.302130e+01 
2.648464e+01 
3.167903e+01 
3.913514e+01 
4.920002e+01 
6.091106e+01 
7.022781e+01 
7.227674e+01 
6.710022e+01 
0.000000e+00 
1.454727e+01 
1.487607e+01 
1.539795e+01 
1.682981e+01 
1.832839e+01 
2.045569e+01 
2.335765e+01 
2.725101e+01 
3.238675e+01 
3.881962e+01 
4.601080e+01 
5.239932e+01 
0.000000e+00 
2.402116e+01 
2.729224e+01 
3.110524e+01 
3.807009e+01 
4.943369e+01 
6.693903e+01 
8.791620e+01 
9.879166e+01 
9.128617e+01 
7.626073e+01 
6.222346e+01 
5.083028e+01 
0.000000e+00 
1.965573e+01 
1.949292e+01 
2.099221e+01 
2.333075e+01 
2.712430e+01 
3.214728e+01 
3.991999e+01 
4.975971e+01 
6.121352e+01 
6.999602e+01 
7.162921e+01 
6.659776e+01 
0.000000e+00 
1.556901e+01 
1.559495e+01 
1.622261e+01 
1.724344e+01 
1.877118e+01 
2.091197e+01 
2.383401e+01 
2.775886e+01 
3.290545e+01 
3.925841e+01 
4.616993e+01 
5.210002e+01 
