1.556815e-01 
1.649480e-01 
1.776899e-01 
2.054375e-01 
2.539128e-01 
3.354282e-01 
4.821174e-01 
6.642883e-01 
6.542585e-01 
3.919104e-01 
1.257913e-01 
-7.800044e-02 
-2.005052e-01 
2.153540e-01 
2.201061e-01 
2.323167e-01 
2.517281e-01 
2.798065e-01 
3.205066e-01 
3.844753e-01 
4.864106e-01 
6.380849e-01 
8.198991e-01 
9.094671e-01 
7.719631e-01 
4.958070e-01 
2.731948e-01 
2.764398e-01 
2.860123e-01 
3.011426e-01 
3.219820e-01 
3.460410e-01 
3.878150e-01 
4.450563e-01 
5.254072e-01 
6.368689e-01 
7.896346e-01 
9.681554e-01 
1.100024e+00 
2.258483e-01 
2.343786e-01 
2.568438e-01 
2.958979e-01 
3.700878e-01 
4.984088e-01 
7.144463e-01 
9.796622e-01 
9.571238e-01 
6.569969e-01 
3.510217e-01 
1.450633e-01 
5.949253e-03 
3.045596e-01 
3.116744e-01 
3.265256e-01 
3.548474e-01 
3.979063e-01 
4.606027e-01 
5.628605e-01 
7.181966e-01 
9.448200e-01 
1.210432e+00 
1.334855e+00 
1.158190e+00 
8.295211e-01 
3.847989e-01 
3.888944e-01 
4.028515e-01 
4.238575e-01 
4.553301e-01 
5.001786e-01 
5.614146e-01 
6.483361e-01 
7.702962e-01 
9.428954e-01 
1.171906e+00 
1.434609e+00 
1.622209e+00 
2.960458e-01 
3.050582e-01 
3.341182e-01 
3.887368e-01 
4.864972e-01 
6.581033e-01 
9.488941e-01 
1.286679e+00 
1.267696e+00 
9.049562e-01 
5.821976e-01 
3.605532e-01 
2.171820e-01 
3.986296e-01 
4.049894e-01 
4.275530e-01 
4.633452e-01 
5.207379e-01 
6.106473e-01 
7.474559e-01 
9.530068e-01 
1.256661e+00 
1.602497e+00 
1.760615e+00 
1.548472e+00 
1.171259e+00 
5.023551e-01 
5.086951e-01 
5.257619e-01 
5.520376e-01 
5.897596e-01 
6.523644e-01 
7.359045e-01 
8.570414e-01 
1.022970e+00 
1.254288e+00 
1.560101e+00 
1.898891e+00 
2.139967e+00 
3.664082e-01 
3.777380e-01 
4.140821e-01 
4.845634e-01 
6.074154e-01 
8.232220e-01 
1.184474e+00 
1.603472e+00 
1.578762e+00 
1.164935e+00 
7.657407e-01 
5.827516e-01 
4.291717e-01 
4.914940e-01 
5.011052e-01 
5.261690e-01 
5.721733e-01 
6.442703e-01 
7.547376e-01 
9.277102e-01 
1.189977e+00 
1.567005e+00 
1.991831e+00 
2.181236e+00 
1.934671e+00 
1.510366e+00 
6.167855e-01 
6.240464e-01 
6.442019e-01 
6.776014e-01 
7.308427e-01 
8.063894e-01 
9.131894e-01 
1.063160e+00 
1.273697e+00 
1.565801e+00 
1.947898e+00 
2.364833e+00 
2.647579e+00 
1.877318e-01 
2.018532e-01 
2.178611e-01 
2.530517e-01 
3.082946e-01 
3.950457e-01 
5.417654e-01 
7.120117e-01 
6.572613e-01 
3.702330e-01 
9.051065e-02 
-1.027471e-01 
-2.276796e-01 
2.533093e-01 
2.605445e-01 
2.767029e-01 
3.033583e-01 
3.385658e-01 
3.925500e-01 
4.608176e-01 
5.650616e-01 
7.138563e-01 
8.845719e-01 
9.425217e-01 
7.609791e-01 
4.582565e-01 
3.157634e-01 
3.223341e-01 
3.324266e-01 
3.530518e-01 
3.845590e-01 
4.201920e-01 
4.667045e-01 
5.288074e-01 
6.141150e-01 
7.294134e-01 
8.800276e-01 
1.051608e+00 
1.158298e+00 
2.564240e-01 
2.656490e-01 
2.956930e-01 
3.422810e-01 
4.218996e-01 
5.542949e-01 
7.721063e-01 
1.021508e+00 
9.627446e-01 
6.250189e-01 
3.153348e-01 
1.130311e-01 
-1.861653e-02 
3.438178e-01 
3.526216e-01 
3.737097e-01 
4.090713e-01 
4.598754e-01 
5.313131e-01 
6.361816e-01 
7.931319e-01 
1.019640e+00 
1.274457e+00 
1.367729e+00 
1.153783e+00 
7.778571e-01 
4.325322e-01 
4.377963e-01 
4.557180e-01 
4.861777e-01 
5.270238e-01 
5.727671e-01 
6.410445e-01 
7.330999e-01 
8.578074e-01 
1.035508e+00 
1.263803e+00 
1.517120e+00 
1.680618e+00 
3.272123e-01 
3.384169e-01 
3.756781e-01 
4.377236e-01 
5.379124e-01 
7.138714e-01 
1.007150e+00 
1.331577e+00 
1.272705e+00 
8.800429e-01 
5.472596e-01 
3.299803e-01 
1.890549e-01 
4.374238e-01 
4.495747e-01 
4.785196e-01 
5.176459e-01 
5.835038e-01 
6.775640e-01 
8.176198e-01 
1.028425e+00 
1.327753e+00 
1.663949e+00 
1.792877e+00 
1.538871e+00 
1.134254e+00 
5.518470e-01 
5.605192e-01 
5.798856e-01 
6.144879e-01 
6.630313e-01 
7.287600e-01 
8.129219e-01 
9.382966e-01 
1.109827e+00 
1.345349e+00 
1.650155e+00 
1.982455e+00 
2.199014e+00 
3.977967e-01 
4.073540e-01 
4.531090e-01 
5.279090e-01 
6.571211e-01 
8.792830e-01 
1.242481e+00 
1.643316e+00 
1.578854e+00 
1.134410e+00 
7.773176e-01 
5.467868e-01 
4.031033e-01 
5.317198e-01 
5.443080e-01 
5.745796e-01 
6.260688e-01 
7.056053e-01 
8.283056e-01 
1.004054e+00 
1.268206e+00 
1.642210e+00 
2.053811e+00 
2.214944e+00 
1.928613e+00 
1.477822e+00 
6.670507e-01 
6.758971e-01 
7.001727e-01 
7.409367e-01 
8.004783e-01 
8.821447e-01 
9.942311e-01 
1.149879e+00 
1.366147e+00 
1.659759e+00 
2.039442e+00 
2.446859e+00 
2.707460e+00 
2.203349e-01 
2.320879e-01 
2.592338e-01 
3.011100e-01 
3.609703e-01 
4.517495e-01 
5.974585e-01 
7.519601e-01 
6.537227e-01 
3.350175e-01 
5.145518e-02 
-1.304607e-01 
-2.502175e-01 
2.947108e-01 
3.042689e-01 
3.249308e-01 
3.582576e-01 
4.005504e-01 
4.552393e-01 
5.282089e-01 
6.383422e-01 
7.884287e-01 
9.499896e-01 
9.776151e-01 
7.558986e-01 
4.211875e-01 
3.743596e-01 
3.810999e-01 
3.994180e-01 
4.268919e-01 
4.614815e-01 
5.042004e-01 
5.570784e-01 
6.242210e-01 
7.121540e-01 
8.304469e-01 
9.818721e-01 
1.142986e+00 
1.227885e+00 
2.857368e-01 
2.988286e-01 
3.346694e-01 
3.892730e-01 
4.723798e-01 
6.093873e-01 
8.254126e-01 
1.061579e+00 
9.614344e-01 
5.888246e-01 
2.759130e-01 
8.050635e-02 
-4.535396e-02 
3.823687e-01 
3.920494e-01 
4.193196e-01 
4.610732e-01 
5.170005e-01 
6.002008e-01 
7.153957e-01 
8.658380e-01 
1.092012e+00 
1.337070e+00 
1.400307e+00 
1.141898e+00 
7.595581e-01 
4.835240e-01 
4.931456e-01 
5.142294e-01 
5.425995e-01 
5.913193e-01 
6.534405e-01 
7.268793e-01 
8.236681e-01 
9.549108e-01 
1.131810e+00 
1.359578e+00 
1.602520e+00 
1.743779e+00 
3.571754e-01 
3.733360e-01 
4.132242e-01 
4.820314e-01 
5.915725e-01 
7.717736e-01 
1.062728e+00 
1.374616e+00 
1.274087e+00 
8.474620e-01 
5.079213e-01 
2.997107e-01 
1.619503e-01 
4.795575e-01 
4.892436e-01 
5.219937e-01 
5.718835e-01 
6.420214e-01 
7.428495e-01 
8.900926e-01 
1.104508e+00 
1.404697e+00 
1.729422e+00 
1.827930e+00 
1.531386e+00 
1.101012e+00 
5.997858e-01 
6.086107e-01 
6.328077e-01 
6.739040e-01 
7.292068e-01 
8.019494e-01 
8.986574e-01 
1.027451e+00 
1.203333e+00 
1.440403e+00 
1.743315e+00 
2.064819e+00 
2.258450e+00 
4.290987e-01 
4.450302e-01 
4.929290e-01 
5.764670e-01 
7.076630e-01 
9.336003e-01 
1.296921e+00 
1.685253e+00 
1.582269e+00 
1.104693e+00 
7.407445e-01 
5.179744e-01 
3.734963e-01 
5.728497e-01 
5.877149e-01 
6.227216e-01 
6.801677e-01 
7.655577e-01 
8.900997e-01 
1.072346e+00 
1.341343e+00 
1.715028e+00 
2.115220e+00 
2.247051e+00 
1.922495e+00 
1.446512e+00 
7.181088e-01 
7.288403e-01 
7.580032e-01 
8.052909e-01 
8.705988e-01 
9.589911e-01 
1.077506e+00 
1.237983e+00 
1.457821e+00 
1.754009e+00 
2.130552e+00 
2.527268e+00 
2.764823e+00 
2.482356e-01 
2.562273e-01 
2.959776e-01 
3.418388e-01 
4.092939e-01 
5.045481e-01 
6.504770e-01 
7.966167e-01 
6.537039e-01 
3.058573e-01 
1.361055e-02 
-1.725826e-01 
-2.767931e-01 
3.386013e-01 
3.497111e-01 
3.770994e-01 
4.162563e-01 
4.647787e-01 
5.277642e-01 
6.074668e-01 
7.208745e-01 
8.710257e-01 
1.021693e+00 
1.019132e+00 
7.540539e-01 
3.935018e-01 
4.227888e-01 
4.308966e-01 
4.551491e-01 
4.878273e-01 
5.291618e-01 
5.789350e-01 
6.377527e-01 
7.106479e-01 
8.037972e-01 
9.258103e-01 
1.075507e+00 
1.227409e+00 
1.289809e+00 
3.175238e-01 
3.323873e-01 
3.734462e-01 
4.376674e-01 
5.242168e-01 
6.663401e-01 
8.817402e-01 
1.102074e+00 
9.643582e-01 
5.590033e-01 
2.421743e-01 
4.655755e-02 
-7.104198e-02 
4.279039e-01 
4.394784e-01 
4.723078e-01 
5.194147e-01 
5.828865e-01 
6.678347e-01 
7.840991e-01 
9.481166e-01 
1.173542e+00 
1.407926e+00 
1.442878e+00 
1.144134e+00 
7.288910e-01 
5.358807e-01 
5.455953e-01 
5.718151e-01 
6.112433e-01 
6.622814e-01 
7.266264e-01 
8.073422e-01 
9.110126e-01 
1.047400e+00 
1.227175e+00 
1.454563e+00 
1.688856e+00 
1.806097e+00 
3.878336e-01 
4.013107e-01 
4.523895e-01 
5.263553e-01 
6.412472e-01 
8.284995e-01 
1.118037e+00 
1.415100e+00 
1.272954e+00 
8.158129e-01 
4.723215e-01 
2.641225e-01 
1.360527e-01 
5.202765e-01 
5.350302e-01 
5.712105e-01 
6.269233e-01 
7.051508e-01 
8.107638e-01 
9.634017e-01 
1.181794e+00 
1.481776e+00 
1.795233e+00 
1.865903e+00 
1.530612e+00 
1.069411e+00 
6.510610e-01 
6.617563e-01 
6.911928e-01 
7.367562e-01 
8.004500e-01 
8.792991e-01 
9.817311e-01 
1.116347e+00 
1.295763e+00 
1.536542e+00 
1.836973e+00 
2.148372e+00 
2.318818e+00 
4.579628e-01 
4.721493e-01 
5.318514e-01 
6.178743e-01 
7.570372e-01 
9.893187e-01 
1.351622e+00 
1.721531e+00 
1.582692e+00 
1.072666e+00 
7.007363e-01 
4.843109e-01 
3.481238e-01 
6.145438e-01 
6.294407e-01 
6.700213e-01 
7.363252e-01 
8.277376e-01 
9.593468e-01 
1.146284e+00 
1.416887e+00 
1.793205e+00 
2.181161e+00 
2.284838e+00 
1.918176e+00 
1.411867e+00 
7.730566e-01 
7.859674e-01 
8.189718e-01 
8.720347e-01 
9.434220e-01 
1.038894e+00 
1.163733e+00 
1.330085e+00 
1.552782e+00 
1.851607e+00 
2.225956e+00 
2.610783e+00 
2.826277e+00 
