1.630477e-01 
1.722308e-01 
1.848470e-01 
2.123997e-01 
2.606332e-01 
3.418669e-01 
4.881865e-01 
6.699676e-01 
6.595687e-01 
3.960537e-01 
1.303729e-01 
-7.376637e-02 
-1.969666e-01 
2.249477e-01 
2.296331e-01 
2.416738e-01 
2.607936e-01 
2.885032e-01 
3.287834e-01 
3.922389e-01 
4.936015e-01 
6.446510e-01 
8.257967e-01 
9.146463e-01 
7.764053e-01 
4.994782e-01 
2.874287e-01 
2.906034e-01 
2.999391e-01 
3.145978e-01 
3.354097e-01 
3.585366e-01 
3.996044e-01 
4.560452e-01 
5.355723e-01 
6.460654e-01 
7.977938e-01 
9.752158e-01 
1.105921e+00 
2.294725e-01 
2.378781e-01 
2.602484e-01 
2.991207e-01 
3.731243e-01 
5.012590e-01 
7.170870e-01 
9.820492e-01 
9.592131e-01 
6.530746e-01 
3.520082e-01 
1.463137e-01 
6.635796e-03 
3.092617e-01 
3.163304e-01 
3.310506e-01 
3.591610e-01 
4.019476e-01 
4.643032e-01 
5.661650e-01 
7.210558e-01 
9.471902e-01 
1.212217e+00 
1.336025e+00 
1.158873e+00 
8.295831e-01 
3.885337e-01 
3.925672e-01 
4.063516e-01 
4.270774e-01 
4.581877e-01 
5.025701e-01 
5.632559e-01 
6.495488e-01 
7.708153e-01 
9.429605e-01 
1.171155e+00 
1.432622e+00 
1.620142e+00 
2.955886e-01 
3.046254e-01 
3.335014e-01 
3.880310e-01 
4.856793e-01 
6.572557e-01 
9.477409e-01 
1.285242e+00 
1.265905e+00 
9.030013e-01 
5.819122e-01 
3.590188e-01 
2.148403e-01 
3.943100e-01 
4.006376e-01 
4.231025e-01 
4.587596e-01 
5.159670e-01 
6.056346e-01 
7.421662e-01 
9.473339e-01 
1.250689e+00 
1.596128e+00 
1.753823e+00 
1.541233e+00 
1.163540e+00 
4.911742e-01 
4.968216e-01 
5.142719e-01 
5.410955e-01 
5.778100e-01 
6.402298e-01 
7.236933e-01 
8.440998e-01 
1.009486e+00 
1.240220e+00 
1.545415e+00 
1.883554e+00 
2.123920e+00 
3.613404e-01 
3.725648e-01 
4.091868e-01 
4.793376e-01 
6.021799e-01 
8.178345e-01 
1.178946e+00 
1.598060e+00 
1.572930e+00 
1.159245e+00 
8.070773e-01 
5.767022e-01 
4.229690e-01 
4.792013e-01 
4.887691e-01 
5.137926e-01 
5.597568e-01 
6.317152e-01 
7.420523e-01 
9.148652e-01 
1.176942e+00 
1.553755e+00 
1.978338e+00 
2.167223e+00 
1.920610e+00 
1.495991e+00 
5.926626e-01 
5.998902e-01 
6.199237e-01 
6.532405e-01 
7.063607e-01 
7.817065e-01 
8.882592e-01 
1.037935e+00 
1.248131e+00 
1.539835e+00 
1.921481e+00 
2.337940e+00 
2.620276e+00 
1.942104e-01 
2.082881e-01 
2.241723e-01 
2.591709e-01 
3.141666e-01 
4.006525e-01 
5.470991e-01 
7.171046e-01 
6.619871e-01 
3.744603e-01 
9.423339e-02 
-9.944996e-02 
-2.247755e-01 
2.649506e-01 
2.721215e-01 
2.881034e-01 
3.144711e-01 
3.492879e-01 
4.028284e-01 
4.705676e-01 
5.742178e-01 
7.223640e-01 
8.923829e-01 
9.488758e-01 
7.672710e-01 
4.637383e-01 
3.384714e-01 
3.449571e-01 
3.548076e-01 
3.751017e-01 
4.061319e-01 
4.413817e-01 
4.868578e-01 
5.480447e-01 
6.325198e-01 
7.467884e-01 
8.963222e-01 
1.066723e+00 
1.172082e+00 
2.592848e-01 
2.684878e-01 
2.984363e-01 
3.448818e-01 
4.243362e-01 
5.565231e-01 
7.740985e-01 
1.023266e+00 
9.642219e-01 
6.261959e-01 
3.161263e-01 
1.135901e-01 
-1.844288e-02 
3.482911e-01 
3.575625e-01 
3.815371e-01 
4.131899e-01 
4.636932e-01 
5.347749e-01 
6.392379e-01 
7.957370e-01 
1.021746e+00 
1.276030e+00 
1.368733e+00 
1.154183e+00 
7.776226e-01 
4.400294e-01 
4.453547e-01 
4.670227e-01 
4.932336e-01 
5.338075e-01 
5.789178e-01 
6.466353e-01 
7.380112e-01 
8.619959e-01 
1.038905e+00 
1.266353e+00 
1.518753e+00 
1.681285e+00 
3.263745e-01 
3.375433e-01 
3.747422e-01 
4.367032e-01 
5.367730e-01 
7.126915e-01 
1.005751e+00 
1.330079e+00 
1.270969e+00 
8.781576e-01 
5.253504e-01 
3.276604e-01 
1.866117e-01 
4.337532e-01 
4.486137e-01 
4.747575e-01 
5.136332e-01 
5.794248e-01 
6.732405e-01 
8.129755e-01 
1.023517e+00 
1.322500e+00 
1.658317e+00 
1.786834e+00 
1.532392e+00 
1.127313e+00 
5.428860e-01 
5.515123e-01 
5.707572e-01 
6.051503e-01 
6.534366e-01 
7.188529e-01 
8.026291e-01 
9.275491e-01 
1.098566e+00 
1.333520e+00 
1.637706e+00 
1.969337e+00 
2.185252e+00 
3.927622e-01 
4.022823e-01 
4.480275e-01 
5.227794e-01 
6.519399e-01 
8.740364e-01 
1.237156e+00 
1.637922e+00 
1.573276e+00 
1.128775e+00 
7.713675e-01 
5.409163e-01 
3.970253e-01 
5.196354e-01 
5.322051e-01 
5.624312e-01 
6.138441e-01 
6.932588e-01 
8.158313e-01 
9.914125e-01 
1.255365e+00 
1.629139e+00 
2.040482e+00 
2.201331e+00 
1.914684e+00 
1.463557e+00 
6.445560e-01 
6.533745e-01 
6.775783e-01 
7.182246e-01 
7.776187e-01 
8.590800e-01 
9.709143e-01 
1.126262e+00 
1.342182e+00 
1.635394e+00 
2.014642e+00 
2.421554e+00 
2.681631e+00 
2.261421e-01 
2.378507e-01 
2.648723e-01 
3.065551e-01 
3.661704e-01 
4.566591e-01 
6.020464e-01 
7.561944e-01 
6.575895e-01 
3.384806e-01 
5.450127e-02 
-1.278132e-01 
-2.480442e-01 
3.065356e-01 
3.160309e-01 
3.365145e-01 
3.695503e-01 
4.113939e-01 
4.657112e-01 
5.381667e-01 
6.477172e-01 
7.971675e-01 
9.579869e-01 
9.848813e-01 
7.608177e-01 
4.269777e-01 
3.913233e-01 
3.979808e-01 
4.160646e-01 
4.431590e-01 
4.772531e-01 
5.193426e-01 
5.714814e-01 
6.377850e-01 
7.247878e-01 
8.420675e-01 
9.924042e-01 
1.152361e+00 
1.236041e+00 
2.894884e-01 
3.025451e-01 
3.382858e-01 
3.927519e-01 
4.756768e-01 
6.124666e-01 
8.282478e-01 
1.064149e+00 
9.637167e-01 
5.908029e-01 
2.775610e-01 
8.190677e-02 
-4.438265e-02 
3.897700e-01 
3.988889e-01 
4.260269e-01 
4.675654e-01 
5.232148e-01 
6.059597e-01 
7.205395e-01 
8.708461e-01 
1.096497e+00 
1.340974e+00 
1.403715e+00 
1.143083e+00 
7.617094e-01 
4.909037e-01 
5.001352e-01 
5.213121e-01 
5.538034e-01 
5.977598e-01 
6.594359e-01 
7.322816e-01 
8.284100e-01 
9.589143e-01 
1.134674e+00 
1.361891e+00 
1.603956e+00 
1.744209e+00 
3.562018e-01 
3.723450e-01 
4.121719e-01 
4.808874e-01 
5.903123e-01 
7.703720e-01 
1.061164e+00 
1.372872e+00 
1.272687e+00 
8.454003e-01 
5.055579e-01 
2.971007e-01 
1.590927e-01 
4.760499e-01 
4.857035e-01 
5.183643e-01 
5.681090e-01 
6.380609e-01 
7.386502e-01 
8.856118e-01 
1.099709e+00 
1.399542e+00 
1.723937e+00 
1.822034e+00 
1.526436e+00 
1.094130e+00 
5.928509e-01 
6.016198e-01 
6.256670e-01 
6.665923e-01 
7.216368e-01 
7.940356e-01 
8.903322e-01 
1.018649e+00 
1.193995e+00 
1.430470e+00 
1.732733e+00 
2.053540e+00 
2.246432e+00 
4.240133e-01 
4.399370e-01 
4.878082e-01 
5.713033e-01 
7.024446e-01 
9.283075e-01 
1.291547e+00 
1.679753e+00 
1.576683e+00 
1.099095e+00 
7.349302e-01 
5.119938e-01 
3.673898e-01 
5.608462e-01 
5.756936e-01 
6.106540e-01 
6.680236e-01 
7.533167e-01 
8.777268e-01 
1.059812e+00 
1.328620e+00 
1.702086e+00 
2.102032e+00 
2.233592e+00 
1.908739e+00 
1.432436e+00 
6.957774e-01 
7.064802e-01 
7.355670e-01 
7.827390e-01 
8.478958e-01 
9.360789e-01 
1.054336e+00 
1.214508e+00 
1.433991e+00 
1.729778e+00 
2.105883e+00 
2.502100e+00 
2.739125e+00 
2.556812e-01 
2.636383e-01 
3.032523e-01 
3.489174e-01 
4.161218e-01 
5.110793e-01 
6.561861e-01 
8.022926e-01 
6.591641e-01 
3.109134e-01 
1.824852e-02 
-1.683865e-01 
-2.730624e-01 
3.485888e-01 
3.596354e-01 
3.868433e-01 
4.257111e-01 
4.738593e-01 
5.363817e-01 
6.155494e-01 
7.283599e-01 
8.778592e-01 
1.027828e+00 
1.024515e+00 
7.586666e-01 
3.973046e-01 
4.415327e-01 
4.495565e-01 
4.735720e-01 
5.058661e-01 
5.466989e-01 
5.958349e-01 
6.539042e-01 
7.259498e-01 
8.181581e-01 
9.391468e-01 
1.087744e+00 
1.238481e+00 
1.299668e+00 
3.211893e-01 
3.360200e-01 
3.769865e-01 
4.410648e-01 
5.274303e-01 
6.693339e-01 
8.845029e-01 
1.104567e+00 
9.665245e-01 
5.608787e-01 
2.436711e-01 
4.779369e-02 
-7.021723e-02 
4.316880e-01 
4.432144e-01 
4.759084e-01 
5.227977e-01 
5.859890e-01 
6.705857e-01 
7.864418e-01 
9.500002e-01 
1.174921e+00 
1.408760e+00 
1.442513e+00 
1.143048e+00 
7.276799e-01 
5.423490e-01 
5.519991e-01 
5.780380e-01 
6.171724e-01 
6.678288e-01 
7.316828e-01 
8.118161e-01 
9.148131e-01 
1.050431e+00 
1.229317e+00 
1.455960e+00 
1.689319e+00 
1.805574e+00 
3.873123e-01 
4.007681e-01 
4.517880e-01 
5.256577e-01 
6.404858e-01 
8.275438e-01 
1.116928e+00 
1.413857e+00 
1.271456e+00 
8.141005e-01 
4.703820e-01 
2.619302e-01 
1.336074e-01 
5.165399e-01 
5.312607e-01 
5.673504e-01 
6.229221e-01 
7.009808e-01 
8.063290e-01 
9.586822e-01 
1.176751e+00 
1.476374e+00 
1.789436e+00 
1.859681e+00 
1.523938e+00 
1.062259e+00 
6.438942e-01 
6.545434e-01 
6.838573e-01 
7.292832e-01 
7.926489e-01 
8.711441e-01 
9.731612e-01 
1.107303e+00 
1.286196e+00 
1.526355e+00 
1.826049e+00 
2.136840e+00 
2.306094e+00 
4.531839e-01 
4.680091e-01 
5.270368e-01 
6.130181e-01 
7.521275e-01 
9.843396e-01 
1.346561e+00 
1.716346e+00 
1.577406e+00 
1.067229e+00 
6.952271e-01 
4.786381e-01 
3.422768e-01 
6.024880e-01 
6.173673e-01 
6.578995e-01 
7.241177e-01 
8.154390e-01 
9.446163e-01 
1.133686e+00 
1.404093e+00 
1.780186e+00 
2.167886e+00 
2.271281e+00 
1.904310e+00 
1.397666e+00 
7.485319e-01 
7.614148e-01 
7.943454e-01 
8.472875e-01 
9.185224e-01 
1.013784e+00 
1.138364e+00 
1.304413e+00 
1.526749e+00 
1.825709e+00 
2.199182e+00 
2.583392e+00 
2.798315e+00 
