-6.982589e-02 
-7.664305e-02 
-8.191776e-02 
-8.575811e-02 
-8.826167e-02 
-4.672970e-02 
-5.132247e-02 
-5.484621e-02 
-5.743718e-02 
-5.908701e-02 
-2.353020e-02 
-2.589758e-02 
-2.776652e-02 
-2.915477e-02 
-3.006310e-02 
-3.219194e-04 
-5.068088e-04 
-7.855347e-04 
-1.056797e-03 
-1.343764e-03 
-8.685392e-02 
-9.631151e-02 
-1.040010e-01 
-1.100629e-01 
-1.145759e-01 
-6.370078e-02 
-7.086387e-02 
-7.681577e-02 
-8.156827e-02 
-8.520180e-02 
-4.034592e-02 
-4.535657e-02 
-4.964008e-02 
-5.316603e-02 
-5.599824e-02 
-1.710391e-02 
-1.988670e-02 
-2.251882e-02 
-2.491947e-02 
-2.705052e-02 
-1.036697e-01 
-1.156758e-01 
-1.257058e-01 
-1.338506e-01 
-1.401117e-01 
-8.040237e-02 
-9.010942e-02 
-9.834927e-02 
-1.051807e-01 
-1.105254e-01 
-5.710094e-02 
-6.452126e-02 
-7.103485e-02 
-7.660481e-02 
-8.111204e-02 
-3.370244e-02 
-3.899705e-02 
-4.380025e-02 
-4.811451e-02 
-5.185553e-02 
-1.202938e-01 
-1.346609e-01 
-1.468824e-01 
-1.567816e-01 
-1.646510e-01 
-9.685333e-02 
-1.090349e-01 
-1.193416e-01 
-1.279014e-01 
-1.347393e-01 
-7.347150e-02 
-8.339675e-02 
-9.184450e-02 
-9.912808e-02 
-1.050120e-01 
-5.012857e-02 
-5.768934e-02 
-6.446815e-02 
-7.042893e-02 
-7.544905e-02 
