-8.138507e-02 
-9.343063e-02 
-1.049060e-01 
-1.157990e-01 
-1.260947e-01 
-5.450481e-02 
-6.267862e-02 
-7.045446e-02 
-7.790878e-02 
-8.496741e-02 
-2.747694e-02 
-3.169079e-02 
-3.577177e-02 
-3.971524e-02 
-4.349525e-02 
-3.867140e-04 
-6.369466e-04 
-1.021386e-03 
-1.454298e-03 
-1.966568e-03 
-9.887718e-02 
-1.139069e-01 
-1.282275e-01 
-1.419007e-01 
-1.549054e-01 
-7.194090e-02 
-8.298136e-02 
-9.358839e-02 
-1.037302e-01 
-1.134286e-01 
-4.474028e-02 
-5.188029e-02 
-5.876216e-02 
-6.535014e-02 
-7.168673e-02 
-1.760765e-02 
-2.073214e-02 
-2.384773e-02 
-2.690409e-02 
-2.989467e-02 
-1.161689e-01 
-1.340502e-01 
-1.511262e-01 
-1.674038e-01 
-1.828160e-01 
-8.909686e-02 
-1.029681e-01 
-1.162514e-01 
-1.289803e-01 
-1.410248e-01 
-6.193631e-02 
-7.176301e-02 
-8.125053e-02 
-9.037253e-02 
-9.900941e-02 
-3.464300e-02 
-4.055354e-02 
-4.621413e-02 
-5.167557e-02 
-5.690083e-02 
-1.332545e-01 
-1.537880e-01 
-1.734489e-01 
-1.920021e-01 
-2.096522e-01 
-1.059917e-01 
-1.226144e-01 
-1.383408e-01 
-1.532834e-01 
-1.674274e-01 
-7.874178e-02 
-9.134397e-02 
-1.031326e-01 
-1.144464e-01 
-1.250617e-01 
-5.150435e-02 
-5.995300e-02 
-6.795923e-02 
-7.554940e-02 
-8.267549e-02 
