-6.578598e-02 
-7.158922e-02 
-7.598984e-02 
-7.912494e-02 
-8.113070e-02 
-4.399305e-02 
-4.791220e-02 
-5.083667e-02 
-5.294200e-02 
-5.424928e-02 
-2.214314e-02 
-2.416245e-02 
-2.571858e-02 
-2.685076e-02 
-2.757592e-02 
-2.998682e-04 
-4.698762e-04 
-7.295407e-04 
-9.809318e-04 
-1.242594e-03 
-8.229639e-02 
-9.055959e-02 
-9.714279e-02 
-1.022496e-01 
-1.060078e-01 
-6.047775e-02 
-6.676369e-02 
-7.188522e-02 
-7.590148e-02 
-7.893322e-02 
-3.847601e-02 
-4.293593e-02 
-4.667523e-02 
-4.969087e-02 
-5.207815e-02 
-1.660001e-02 
-1.916467e-02 
-2.154483e-02 
-2.366757e-02 
-2.550616e-02 
-9.862323e-02 
-1.092313e-01 
-1.179238e-01 
-1.248651e-01 
-1.301229e-01 
-7.669588e-02 
-8.532450e-02 
-9.250559e-02 
-9.835454e-02 
-1.028421e-01 
-5.475102e-02 
-6.142043e-02 
-6.716227e-02 
-7.197646e-02 
-7.577971e-02 
-3.271925e-02 
-3.759550e-02 
-4.191833e-02 
-4.570646e-02 
-4.889596e-02 
-1.147631e-01 
-1.275321e-01 
-1.381911e-01 
-1.466472e-01 
-1.532664e-01 
-9.266820e-02 
-1.035742e-01 
-1.126003e-01 
-1.199394e-01 
-1.256789e-01 
-7.064611e-02 
-7.962450e-02 
-8.708017e-02 
-9.337117e-02 
-9.831080e-02 
-4.867034e-02 
-5.561713e-02 
-6.169508e-02 
-6.689254e-02 
-7.112124e-02 
