1.589341e-01 
1.850782e-01 
2.125828e-01 
2.345499e-01 
2.626921e-01 
1.674290e-01 
1.947529e-01 
2.227343e-01 
2.481512e-01 
2.773669e-01 
1.754999e-01 
2.043768e-01 
2.350865e-01 
2.641795e-01 
2.946728e-01 
1.835908e-01 
2.150830e-01 
2.467683e-01 
2.773592e-01 
3.103592e-01 
1.927432e-01 
2.224042e-01 
2.548820e-01 
2.873479e-01 
3.127873e-01 
2.001529e-01 
2.327981e-01 
2.654975e-01 
2.998526e-01 
3.296948e-01 
2.083464e-01 
2.422773e-01 
2.774742e-01 
3.114204e-01 
3.476102e-01 
2.165061e-01 
2.524759e-01 
2.897076e-01 
3.271851e-01 
3.634200e-01 
2.263364e-01 
2.622230e-01 
2.984815e-01 
3.401796e-01 
3.699958e-01 
2.319654e-01 
2.709707e-01 
3.074356e-01 
3.481113e-01 
3.827868e-01 
2.405240e-01 
2.800526e-01 
3.210294e-01 
3.612369e-01 
3.989023e-01 
2.491923e-01 
2.907801e-01 
3.326390e-01 
3.757026e-01 
4.159551e-01 
2.573723e-01 
2.999108e-01 
3.427496e-01 
3.844912e-01 
4.210465e-01 
2.647536e-01 
3.103685e-01 
3.522927e-01 
3.950083e-01 
4.353678e-01 
2.726585e-01 
3.176794e-01 
3.632710e-01 
4.080857e-01 
4.505922e-01 
2.804857e-01 
3.280099e-01 
3.752312e-01 
4.195533e-01 
4.692038e-01 
