1.531342e-01 
1.758965e-01 
1.969030e-01 
2.162715e-01 
2.346509e-01 
1.625767e-01 
1.870054e-01 
2.107520e-01 
2.325223e-01 
2.537991e-01 
1.714411e-01 
1.978341e-01 
2.243034e-01 
2.492338e-01 
2.731589e-01 
1.800188e-01 
2.093251e-01 
2.379454e-01 
2.655717e-01 
2.927263e-01 
1.862809e-01 
2.140322e-01 
2.402898e-01 
2.658390e-01 
2.898525e-01 
1.948133e-01 
2.251148e-01 
2.532743e-01 
2.819597e-01 
3.083436e-01 
2.040531e-01 
2.357747e-01 
2.670989e-01 
2.979996e-01 
3.274253e-01 
2.129913e-01 
2.474695e-01 
2.810458e-01 
3.145760e-01 
3.467531e-01 
2.193460e-01 
2.520328e-01 
2.838194e-01 
3.148935e-01 
3.427400e-01 
2.274301e-01 
2.625789e-01 
2.965886e-01 
3.299002e-01 
3.610898e-01 
2.360903e-01 
2.735107e-01 
3.106931e-01 
3.461225e-01 
3.799917e-01 
2.456104e-01 
2.849302e-01 
3.240001e-01 
3.625416e-01 
3.993455e-01 
2.514591e-01 
2.890563e-01 
3.267606e-01 
3.622144e-01 
3.947232e-01 
2.598441e-01 
3.001615e-01 
3.393635e-01 
3.768660e-01 
4.128600e-01 
2.685207e-01 
3.106580e-01 
3.526525e-01 
3.930412e-01 
4.313865e-01 
2.770970e-01 
3.222389e-01 
3.664515e-01 
4.089497e-01 
4.508945e-01 
