1.513498e-01 
1.732830e-01 
1.943916e-01 
2.127434e-01 
2.319761e-01 
1.614660e-01 
1.857022e-01 
2.094771e-01 
2.310823e-01 
2.533539e-01 
1.713245e-01 
1.979246e-01 
2.249215e-01 
2.504669e-01 
2.756502e-01 
1.809922e-01 
2.109434e-01 
2.403862e-01 
2.688141e-01 
2.976751e-01 
1.839591e-01 
2.105077e-01 
2.364764e-01 
2.616951e-01 
2.838116e-01 
1.933432e-01 
2.230873e-01 
2.509613e-01 
2.796123e-01 
3.052165e-01 
2.035332e-01 
2.351381e-01 
2.665166e-01 
2.971822e-01 
3.274412e-01 
2.134850e-01 
2.481579e-01 
2.823365e-01 
3.164938e-01 
3.493285e-01 
2.167408e-01 
2.482530e-01 
2.789736e-01 
3.089344e-01 
3.357733e-01 
2.251466e-01 
2.599548e-01 
2.932343e-01 
3.261657e-01 
3.559773e-01 
2.352018e-01 
2.722968e-01 
3.090599e-01 
3.444029e-01 
3.775375e-01 
2.457090e-01 
2.850969e-01 
3.242234e-01 
3.631790e-01 
3.997442e-01 
2.481344e-01 
2.847818e-01 
3.211768e-01 
3.552465e-01 
3.854173e-01 
2.574479e-01 
2.974260e-01 
3.351856e-01 
3.715774e-01 
4.059138e-01 
2.671277e-01 
3.087471e-01 
3.501144e-01 
3.897554e-01 
4.269591e-01 
2.767205e-01 
3.217160e-01 
3.657121e-01 
4.073226e-01 
4.497150e-01 
