8.152390e-02 
9.663990e-02 
1.124738e-01 
1.269853e-01 
1.437144e-01 
1.147363e-01 
1.343797e-01 
1.546309e-01 
1.736451e-01 
1.942669e-01 
1.477943e-01 
1.720270e-01 
1.971550e-01 
2.213121e-01 
2.455871e-01 
1.806703e-01 
2.104366e-01 
2.396007e-01 
2.677573e-01 
2.963313e-01 
9.710520e-02 
1.141962e-01 
1.324754e-01 
1.516322e-01 
1.692357e-01 
1.296424e-01 
1.522234e-01 
1.741455e-01 
1.980440e-01 
2.200147e-01 
1.631873e-01 
1.897815e-01 
2.168765e-01 
2.440162e-01 
2.714430e-01 
1.963811e-01 
2.282712e-01 
2.598177e-01 
2.915743e-01 
3.222780e-01 
1.130711e-01 
1.325772e-01 
1.532678e-01 
1.750838e-01 
1.956616e-01 
1.447442e-01 
1.698454e-01 
1.948850e-01 
2.209850e-01 
2.454519e-01 
1.781009e-01 
2.077755e-01 
2.380250e-01 
2.677981e-01 
2.964255e-01 
2.120066e-01 
2.460999e-01 
2.804231e-01 
3.150645e-01 
3.478887e-01 
1.278406e-01 
1.501209e-01 
1.742944e-01 
1.984649e-01 
2.207663e-01 
1.605946e-01 
1.883911e-01 
2.158440e-01 
2.436760e-01 
2.711745e-01 
1.936562e-01 
2.253504e-01 
2.582699e-01 
2.906273e-01 
3.219471e-01 
2.265919e-01 
2.640267e-01 
3.012440e-01 
3.368937e-01 
3.742660e-01 
