7.754900e-02 
9.164760e-02 
1.076768e-01 
1.187509e-01 
1.365974e-01 
1.129242e-01 
1.320743e-01 
1.522798e-01 
1.702424e-01 
1.923995e-01 
1.480230e-01 
1.726860e-01 
1.993147e-01 
2.244643e-01 
2.511775e-01 
1.832041e-01 
2.144461e-01 
2.457469e-01 
2.759049e-01 
3.083926e-01 
9.386600e-02 
1.084973e-01 
1.266545e-01 
1.454472e-01 
1.578819e-01 
1.282120e-01 
1.498167e-01 
1.719091e-01 
1.961224e-01 
2.162662e-01 
1.636061e-01 
1.903970e-01 
2.187120e-01 
2.460703e-01 
2.759235e-01 
1.988984e-01 
2.317438e-01 
2.658599e-01 
3.002810e-01 
3.335253e-01 
1.101675e-01 
1.281728e-01 
1.473553e-01 
1.727758e-01 
1.871798e-01 
1.428685e-01 
1.680026e-01 
1.911842e-01 
2.191310e-01 
2.417620e-01 
1.785877e-01 
2.082896e-01 
2.397789e-01 
2.708644e-01 
2.998929e-01 
2.145493e-01 
2.502266e-01 
2.864249e-01 
3.240270e-01 
3.590543e-01 
1.241178e-01 
1.461228e-01 
1.693007e-01 
1.924891e-01 
2.113943e-01 
1.587619e-01 
1.877541e-01 
2.139519e-01 
2.417249e-01 
2.679404e-01 
1.939167e-01 
2.263354e-01 
2.601384e-01 
2.936393e-01 
3.255305e-01 
2.289814e-01 
2.680569e-01 
3.072720e-01 
3.440039e-01 
3.865283e-01 
