8.734820e-02 
1.043073e-01 
1.209132e-01 
1.371466e-01 
1.535202e-01 
1.185836e-01 
1.390932e-01 
1.599153e-01 
1.795803e-01 
1.995498e-01 
1.492980e-01 
1.736717e-01 
1.985848e-01 
2.223830e-01 
2.455830e-01 
1.797189e-01 
2.088552e-01 
2.372159e-01 
2.645908e-01 
2.914837e-01 
1.039845e-01 
1.234726e-01 
1.431470e-01 
1.635894e-01 
1.838447e-01 
1.343355e-01 
1.583511e-01 
1.813891e-01 
2.060582e-01 
2.294104e-01 
1.655771e-01 
1.928388e-01 
2.204237e-01 
2.483087e-01 
2.753471e-01 
1.963913e-01 
2.283048e-01 
2.595010e-01 
2.909084e-01 
3.212469e-01 
1.207228e-01 
1.428015e-01 
1.658956e-01 
1.900284e-01 
2.126171e-01 
1.507342e-01 
1.772544e-01 
2.040830e-01 
2.315457e-01 
2.582477e-01 
1.813393e-01 
2.120903e-01 
2.435308e-01 
2.741460e-01 
3.042120e-01 
2.128911e-01 
2.473347e-01 
2.820818e-01 
3.168351e-01 
3.504495e-01 
1.366960e-01 
1.615242e-01 
1.885695e-01 
2.155672e-01 
2.414568e-01 
1.671759e-01 
1.965873e-01 
2.267632e-01 
2.569266e-01 
2.871811e-01 
1.978746e-01 
2.310335e-01 
2.655723e-01 
2.996700e-01 
3.330757e-01 
2.284267e-01 
2.666218e-01 
3.047564e-01 
3.420572e-01 
3.797733e-01 
